ARM GAS  C:\Users\labview\AppData\Local\Temp\cc6pdDnE.s 			page 1


   1              		.syntax unified
   2              		.cpu cortex-m0
   3              		.fpu softvfp
   4              		.eabi_attribute 20, 1
   5              		.eabi_attribute 21, 1
   6              		.eabi_attribute 23, 3
   7              		.eabi_attribute 24, 1
   8              		.eabi_attribute 25, 1
   9              		.eabi_attribute 26, 1
  10              		.eabi_attribute 30, 1
  11              		.eabi_attribute 34, 0
  12              		.eabi_attribute 18, 4
  13              		.thumb
  14              		.syntax unified
  15              		.file	"main.c"
  16              		.text
  17              	.Ltext0:
  18              		.cfi_sections	.debug_frame
  19              		.section	.text.isr_handle,"ax",%progbits
  20              		.align	2
  21              		.global	isr_handle
  22              		.code	16
  23              		.thumb_func
  24              		.type	isr_handle, %function
  25              	isr_handle:
  26              	.LFB34:
  27              		.file 1 "main.c"
   1:main.c        **** /* ========================================
   2:main.c        ****  *
   3:main.c        ****  * Copyright YOUR COMPANY, THE YEAR
   4:main.c        ****  * All Rights Reserved
   5:main.c        ****  * UNPUBLISHED, LICENSED SOFTWARE.
   6:main.c        ****  *
   7:main.c        ****  * CONFIDENTIAL AND PROPRIETARY INFORMATION
   8:main.c        ****  * WHICH IS THE PROPERTY OF your company.
   9:main.c        ****  *
  10:main.c        ****  * ========================================
  11:main.c        **** */
  12:main.c        **** #include "project.h"
  13:main.c        **** 
  14:main.c        **** 
  15:main.c        **** #define VPP                 3.3             // en V
  16:main.c        **** #define PERIODE             (uint32) 1000   // en ms
  17:main.c        **** 
  18:main.c        **** #define SELECT_ADC_CHANNEL  0
  19:main.c        **** 
  20:main.c        **** /**
  21:main.c        **** 
  22:main.c        **** 
  23:main.c        ****     Connecter un potentiomètre entre la pin  +3.3V et la pin "PIN_ANALOGUE"
  24:main.c        **** 
  25:main.c        ****     Connecter le "PIN_GROUND" au ground de la carte
  26:main.c        **** */
  27:main.c        **** uint8_t flag = 0;
  28:main.c        **** 
  29:main.c        **** CY_ISR(isr_handle)
  30:main.c        **** {
ARM GAS  C:\Users\labview\AppData\Local\Temp\cc6pdDnE.s 			page 2


  28              		.loc 1 30 0
  29              		.cfi_startproc
  30              		@ args = 0, pretend = 0, frame = 0
  31              		@ frame_needed = 0, uses_anonymous_args = 0
  32 0000 10B5     		push	{r4, lr}
  33              		.cfi_def_cfa_offset 8
  34              		.cfi_offset 4, -8
  35              		.cfi_offset 14, -4
  31:main.c        ****     flag = 1;
  36              		.loc 1 31 0
  37 0002 0122     		movs	r2, #1
  38 0004 024B     		ldr	r3, .L2
  39 0006 1A70     		strb	r2, [r3]
  32:main.c        ****     ISR_TIMER_Disable();      //Stop les interruption tant que les données non pas été traité
  40              		.loc 1 32 0
  41 0008 FFF7FEFF 		bl	ISR_TIMER_Disable
  42              	.LVL0:
  33:main.c        **** }
  43              		.loc 1 33 0
  44              		@ sp needed
  45 000c 10BD     		pop	{r4, pc}
  46              	.L3:
  47 000e C046     		.align	2
  48              	.L2:
  49 0010 00000000 		.word	.LANCHOR0
  50              		.cfi_endproc
  51              	.LFE34:
  52              		.size	isr_handle, .-isr_handle
  53              		.global	__aeabi_i2f
  54              		.global	__aeabi_fdiv
  55              		.global	__aeabi_fmul
  56              		.global	__aeabi_f2iz
  57              		.global	__aeabi_idiv
  58              		.section	.text.main,"ax",%progbits
  59              		.align	2
  60              		.global	main
  61              		.code	16
  62              		.thumb_func
  63              		.type	main, %function
  64              	main:
  65              	.LFB35:
  34:main.c        **** 
  35:main.c        **** int main(void)
  36:main.c        **** {
  66              		.loc 1 36 0
  67              		.cfi_startproc
  68              		@ args = 0, pretend = 0, frame = 104
  69              		@ frame_needed = 0, uses_anonymous_args = 0
  70 0000 70B5     		push	{r4, r5, r6, lr}
  71              		.cfi_def_cfa_offset 16
  72              		.cfi_offset 4, -16
  73              		.cfi_offset 5, -12
  74              		.cfi_offset 6, -8
  75              		.cfi_offset 14, -4
  76 0002 9CB0     		sub	sp, sp, #112
  77              		.cfi_def_cfa_offset 128
  37:main.c        ****     CyGlobalIntEnable; /* Enable global interrupts. */
ARM GAS  C:\Users\labview\AppData\Local\Temp\cc6pdDnE.s 			page 3


  78              		.loc 1 37 0
  79              		.syntax divided
  80              	@ 37 "main.c" 1
  81 0004 62B6     		CPSIE   i
  82              	@ 0 "" 2
  38:main.c        ****     
  39:main.c        ****     ISR_TIMER_StartEx(isr_handle);    // Attache l'interruption
  83              		.loc 1 39 0
  84              		.thumb
  85              		.syntax unified
  86 0006 2A48     		ldr	r0, .L7
  87 0008 FFF7FEFF 		bl	ISR_TIMER_StartEx
  88              	.LVL1:
  40:main.c        ****     
  41:main.c        ****     PWM_SetCompareSwap(1);      // Autorise le changement du campare du PWM
  89              		.loc 1 41 0
  90 000c 0120     		movs	r0, #1
  91 000e FFF7FEFF 		bl	PWM_SetCompareSwap
  92              	.LVL2:
  42:main.c        ****     PWM_SetPeriodSwap(1);       // Autotrise le changement de la periode du PWM
  93              		.loc 1 42 0
  94 0012 0120     		movs	r0, #1
  95 0014 FFF7FEFF 		bl	PWM_SetPeriodSwap
  96              	.LVL3:
  43:main.c        **** 
  44:main.c        ****    
  45:main.c        ****     PWM_WritePeriod(PERIODE);
  97              		.loc 1 45 0
  98 0018 FA20     		movs	r0, #250
  99 001a 8000     		lsls	r0, r0, #2
 100 001c FFF7FEFF 		bl	PWM_WritePeriod
 101              	.LVL4:
  46:main.c        ****     PWM_WriteCompare(0);
 102              		.loc 1 46 0
 103 0020 0020     		movs	r0, #0
 104 0022 FFF7FEFF 		bl	PWM_WriteCompare
 105              	.LVL5:
  47:main.c        ****     
  48:main.c        ****     
  49:main.c        ****     ADC_Start();                //Initialise l'ADC et le mets sous tension
 106              		.loc 1 49 0
 107 0026 FFF7FEFF 		bl	ADC_Start
 108              	.LVL6:
  50:main.c        ****     
  51:main.c        ****     
  52:main.c        ****     UART_Start();               //Démarre la communication UART
 109              		.loc 1 52 0
 110 002a FFF7FEFF 		bl	UART_Start
 111              	.LVL7:
  53:main.c        ****     Timer_Start();              //Démarre le Timer (Timer qui envoie des interruptin toutes les 50
 112              		.loc 1 53 0
 113 002e FFF7FEFF 		bl	Timer_Start
 114              	.LVL8:
  54:main.c        ****     
  55:main.c        ****     
  56:main.c        ****     ADC_StartConvert();         //starts la conversionet l'éxécute continuellement 
 115              		.loc 1 56 0
ARM GAS  C:\Users\labview\AppData\Local\Temp\cc6pdDnE.s 			page 4


 116 0032 FFF7FEFF 		bl	ADC_StartConvert
 117              	.LVL9:
  57:main.c        **** 
  58:main.c        **** 
  59:main.c        ****     UART_UartPutString("Ready\r\n");
 118              		.loc 1 59 0
 119 0036 1F48     		ldr	r0, .L7+4
 120 0038 FFF7FEFF 		bl	UART_UartPutString
 121              	.LVL10:
 122              	.L5:
  60:main.c        ****     for(;;)
  61:main.c        ****     {
  62:main.c        ****         
  63:main.c        ****         if(flag == 1){
 123              		.loc 1 63 0
 124 003c 1E4B     		ldr	r3, .L7+8
 125 003e 1B78     		ldrb	r3, [r3]
 126 0040 012B     		cmp	r3, #1
 127 0042 FBD1     		bne	.L5
 128              	.LBB2:
  64:main.c        ****             flag=0;         // Remise a zéro du flag
 129              		.loc 1 64 0
 130 0044 0022     		movs	r2, #0
 131 0046 1C4B     		ldr	r3, .L7+8
 132 0048 1A70     		strb	r2, [r3]
  65:main.c        ****             
  66:main.c        ****          //   while(ADC_IsEndConversion(ADC_RETURN_STATUS) == 0){ //Attendre que l'ADC est fait la 
  67:main.c        ****                 
  68:main.c        ****                 UART_UartPutString("ADC read\r\n");
 133              		.loc 1 68 0
 134 004a 1C48     		ldr	r0, .L7+12
 135 004c FFF7FEFF 		bl	UART_UartPutString
 136              	.LVL11:
  69:main.c        ****                 
  70:main.c        ****                 int16_t ADC_Value = ADC_GetResult16(SELECT_ADC_CHANNEL);                           
 137              		.loc 1 70 0
 138 0050 0020     		movs	r0, #0
 139 0052 FFF7FEFF 		bl	ADC_GetResult16
 140              	.LVL12:
 141 0056 0500     		movs	r5, r0
 142              	.LVL13:
  71:main.c        ****                 int16_t   ADC_Value_mV  = ADC_CountsTo_mVolts(SELECT_ADC_CHANNEL, ADC_Value);      
 143              		.loc 1 71 0
 144 0058 0100     		movs	r1, r0
 145 005a 0020     		movs	r0, #0
 146              	.LVL14:
 147 005c FFF7FEFF 		bl	ADC_CountsTo_mVolts
 148              	.LVL15:
 149 0060 0600     		movs	r6, r0
 150              	.LVL16:
  72:main.c        **** 
  73:main.c        ****             
  74:main.c        ****                 int DutyCycle = ((float) ADC_Value_mV)/3300*100; // Il faut d'abbord convertie "ADC
 151              		.loc 1 74 0
 152 0062 FFF7FEFF 		bl	__aeabi_i2f
 153              	.LVL17:
 154 0066 1649     		ldr	r1, .L7+16
ARM GAS  C:\Users\labview\AppData\Local\Temp\cc6pdDnE.s 			page 5


 155 0068 FFF7FEFF 		bl	__aeabi_fdiv
 156              	.LVL18:
 157 006c 1549     		ldr	r1, .L7+20
 158 006e FFF7FEFF 		bl	__aeabi_fmul
 159              	.LVL19:
 160 0072 FFF7FEFF 		bl	__aeabi_f2iz
 161              	.LVL20:
 162 0076 0400     		movs	r4, r0
 163              	.LVL21:
  75:main.c        **** 
  76:main.c        ****                 char buffer[100] ={'\0'};                                                          
 164              		.loc 1 76 0
 165 0078 6422     		movs	r2, #100
 166 007a 0021     		movs	r1, #0
 167 007c 03A8     		add	r0, sp, #12
 168              	.LVL22:
 169 007e FFF7FEFF 		bl	memset
 170              	.LVL23:
  77:main.c        ****                 sprintf(buffer, "ADC value: %d \t Voltage: %d mV \t DutyCycle: %d %%\r\n", ADC_Valu
 171              		.loc 1 77 0
 172 0082 0094     		str	r4, [sp]
 173 0084 3300     		movs	r3, r6
 174 0086 2A00     		movs	r2, r5
 175 0088 0F49     		ldr	r1, .L7+24
 176 008a 03A8     		add	r0, sp, #12
 177 008c FFF7FEFF 		bl	sprintf
 178              	.LVL24:
  78:main.c        ****                 UART_UartPutString(buffer);
 179              		.loc 1 78 0
 180 0090 03A8     		add	r0, sp, #12
 181 0092 FFF7FEFF 		bl	UART_UartPutString
 182              	.LVL25:
  79:main.c        ****             
  80:main.c        ****                 PWM_WriteCompare((DutyCycle/100)*PERIODE);       //Convertie la tension en un signa
 183              		.loc 1 80 0
 184 0096 6421     		movs	r1, #100
 185 0098 2000     		movs	r0, r4
 186 009a FFF7FEFF 		bl	__aeabi_idiv
 187              	.LVL26:
 188 009e FA23     		movs	r3, #250
 189 00a0 9B00     		lsls	r3, r3, #2
 190 00a2 5843     		muls	r0, r3
 191 00a4 FFF7FEFF 		bl	PWM_WriteCompare
 192              	.LVL27:
  81:main.c        ****             //}
  82:main.c        ****             ISR_TIMER_Enable(); //Réactive l'interruption
 193              		.loc 1 82 0
 194 00a8 FFF7FEFF 		bl	ISR_TIMER_Enable
 195              	.LVL28:
 196 00ac C6E7     		b	.L5
 197              	.L8:
 198 00ae C046     		.align	2
 199              	.L7:
 200 00b0 00000000 		.word	isr_handle
 201 00b4 00000000 		.word	.LC2
 202 00b8 00000000 		.word	.LANCHOR0
 203 00bc 08000000 		.word	.LC5
ARM GAS  C:\Users\labview\AppData\Local\Temp\cc6pdDnE.s 			page 6


 204 00c0 00404E45 		.word	1162756096
 205 00c4 0000C842 		.word	1120403456
 206 00c8 14000000 		.word	.LC7
 207              	.LBE2:
 208              		.cfi_endproc
 209              	.LFE35:
 210              		.size	main, .-main
 211              		.global	flag
 212              		.section	.rodata.str1.4,"aMS",%progbits,1
 213              		.align	2
 214              	.LC2:
 215 0000 52656164 		.ascii	"Ready\015\012\000"
 215      790D0A00 
 216              	.LC5:
 217 0008 41444320 		.ascii	"ADC read\015\012\000"
 217      72656164 
 217      0D0A00
 218 0013 00       		.space	1
 219              	.LC7:
 220 0014 41444320 		.ascii	"ADC value: %d \011 Voltage: %d mV \011 DutyCycle: %"
 220      76616C75 
 220      653A2025 
 220      64200920 
 220      566F6C74 
 221 0041 64202525 		.ascii	"d %%\015\012\000"
 221      0D0A00
 222              		.bss
 223              		.set	.LANCHOR0,. + 0
 224              		.type	flag, %object
 225              		.size	flag, 1
 226              	flag:
 227 0000 00       		.space	1
 228              		.text
 229              	.Letext0:
 230              		.file 2 "c:\\program files (x86)\\cypress\\psoc creator\\4.4\\psoc creator\\import\\gnu\\arm\\5.4.
 231              		.file 3 "c:\\program files (x86)\\cypress\\psoc creator\\4.4\\psoc creator\\import\\gnu\\arm\\5.4.
 232              		.file 4 "Generated_Source\\PSoC4/cytypes.h"
 233              		.file 5 "Generated_Source\\PSoC4/ISR_TIMER.h"
 234              		.file 6 "Generated_Source\\PSoC4/UART_SPI_UART.h"
 235              		.file 7 "Generated_Source\\PSoC4/ADC.h"
 236              		.file 8 "<built-in>"
 237              		.file 9 "Generated_Source\\PSoC4/PWM.h"
 238              		.file 10 "Generated_Source\\PSoC4/UART.h"
 239              		.file 11 "Generated_Source\\PSoC4/Timer.h"
 240              		.section	.debug_info,"",%progbits
 241              	.Ldebug_info0:
 242 0000 9D030000 		.4byte	0x39d
 243 0004 0400     		.2byte	0x4
 244 0006 00000000 		.4byte	.Ldebug_abbrev0
 245 000a 04       		.byte	0x4
 246 000b 01       		.uleb128 0x1
 247 000c 84010000 		.4byte	.LASF38
 248 0010 0C       		.byte	0xc
 249 0011 39020000 		.4byte	.LASF39
 250 0015 56020000 		.4byte	.LASF40
 251 0019 00000000 		.4byte	.Ldebug_ranges0+0
 252 001d 00000000 		.4byte	0
ARM GAS  C:\Users\labview\AppData\Local\Temp\cc6pdDnE.s 			page 7


 253 0021 00000000 		.4byte	.Ldebug_line0
 254 0025 02       		.uleb128 0x2
 255 0026 01       		.byte	0x1
 256 0027 06       		.byte	0x6
 257 0028 C3020000 		.4byte	.LASF0
 258 002c 03       		.uleb128 0x3
 259 002d 00000000 		.4byte	.LASF2
 260 0031 02       		.byte	0x2
 261 0032 1D       		.byte	0x1d
 262 0033 37000000 		.4byte	0x37
 263 0037 02       		.uleb128 0x2
 264 0038 01       		.byte	0x1
 265 0039 08       		.byte	0x8
 266 003a 73000000 		.4byte	.LASF1
 267 003e 03       		.uleb128 0x3
 268 003f 0A000000 		.4byte	.LASF3
 269 0043 02       		.byte	0x2
 270 0044 29       		.byte	0x29
 271 0045 49000000 		.4byte	0x49
 272 0049 02       		.uleb128 0x2
 273 004a 02       		.byte	0x2
 274 004b 05       		.byte	0x5
 275 004c 45020000 		.4byte	.LASF4
 276 0050 02       		.uleb128 0x2
 277 0051 02       		.byte	0x2
 278 0052 07       		.byte	0x7
 279 0053 A4000000 		.4byte	.LASF5
 280 0057 02       		.uleb128 0x2
 281 0058 04       		.byte	0x4
 282 0059 05       		.byte	0x5
 283 005a AE020000 		.4byte	.LASF6
 284 005e 02       		.uleb128 0x2
 285 005f 04       		.byte	0x4
 286 0060 07       		.byte	0x7
 287 0061 92000000 		.4byte	.LASF7
 288 0065 02       		.uleb128 0x2
 289 0066 08       		.byte	0x8
 290 0067 05       		.byte	0x5
 291 0068 2B020000 		.4byte	.LASF8
 292 006c 02       		.uleb128 0x2
 293 006d 08       		.byte	0x8
 294 006e 07       		.byte	0x7
 295 006f 48010000 		.4byte	.LASF9
 296 0073 04       		.uleb128 0x4
 297 0074 04       		.byte	0x4
 298 0075 05       		.byte	0x5
 299 0076 696E7400 		.ascii	"int\000"
 300 007a 02       		.uleb128 0x2
 301 007b 04       		.byte	0x4
 302 007c 07       		.byte	0x7
 303 007d 2C010000 		.4byte	.LASF10
 304 0081 03       		.uleb128 0x3
 305 0082 5F010000 		.4byte	.LASF11
 306 0086 03       		.byte	0x3
 307 0087 18       		.byte	0x18
 308 0088 2C000000 		.4byte	0x2c
 309 008c 03       		.uleb128 0x3
ARM GAS  C:\Users\labview\AppData\Local\Temp\cc6pdDnE.s 			page 8


 310 008d 7C010000 		.4byte	.LASF12
 311 0091 03       		.byte	0x3
 312 0092 20       		.byte	0x20
 313 0093 3E000000 		.4byte	0x3e
 314 0097 05       		.uleb128 0x5
 315 0098 19010000 		.4byte	.LASF13
 316 009c 04       		.byte	0x4
 317 009d FD01     		.2byte	0x1fd
 318 009f 5E000000 		.4byte	0x5e
 319 00a3 02       		.uleb128 0x2
 320 00a4 04       		.byte	0x4
 321 00a5 04       		.byte	0x4
 322 00a6 6D000000 		.4byte	.LASF14
 323 00aa 02       		.uleb128 0x2
 324 00ab 08       		.byte	0x8
 325 00ac 04       		.byte	0x4
 326 00ad D9000000 		.4byte	.LASF15
 327 00b1 02       		.uleb128 0x2
 328 00b2 01       		.byte	0x1
 329 00b3 08       		.byte	0x8
 330 00b4 40020000 		.4byte	.LASF16
 331 00b8 02       		.uleb128 0x2
 332 00b9 08       		.byte	0x8
 333 00ba 04       		.byte	0x4
 334 00bb B7020000 		.4byte	.LASF17
 335 00bf 02       		.uleb128 0x2
 336 00c0 04       		.byte	0x4
 337 00c1 07       		.byte	0x7
 338 00c2 22020000 		.4byte	.LASF18
 339 00c6 06       		.uleb128 0x6
 340 00c7 04       		.byte	0x4
 341 00c8 B1000000 		.4byte	0xb1
 342 00cc 06       		.uleb128 0x6
 343 00cd 04       		.byte	0x4
 344 00ce D2000000 		.4byte	0xd2
 345 00d2 07       		.uleb128 0x7
 346 00d3 B1000000 		.4byte	0xb1
 347 00d7 08       		.uleb128 0x8
 348 00d8 67010000 		.4byte	.LASF41
 349 00dc 01       		.byte	0x1
 350 00dd 1D       		.byte	0x1d
 351 00de 00000000 		.4byte	.LFB34
 352 00e2 14000000 		.4byte	.LFE34-.LFB34
 353 00e6 01       		.uleb128 0x1
 354 00e7 9C       		.byte	0x9c
 355 00e8 F6000000 		.4byte	0xf6
 356 00ec 09       		.uleb128 0x9
 357 00ed 0C000000 		.4byte	.LVL0
 358 00f1 ED020000 		.4byte	0x2ed
 359 00f5 00       		.byte	0
 360 00f6 0A       		.uleb128 0xa
 361 00f7 F1000000 		.4byte	.LASF42
 362 00fb 01       		.byte	0x1
 363 00fc 23       		.byte	0x23
 364 00fd 73000000 		.4byte	0x73
 365 0101 00000000 		.4byte	.LFB35
 366 0105 CC000000 		.4byte	.LFE35-.LFB35
ARM GAS  C:\Users\labview\AppData\Local\Temp\cc6pdDnE.s 			page 9


 367 0109 01       		.uleb128 0x1
 368 010a 9C       		.byte	0x9c
 369 010b CC020000 		.4byte	0x2cc
 370 010f 0B       		.uleb128 0xb
 371 0110 44000000 		.4byte	.LBB2
 372 0114 88000000 		.4byte	.LBE2-.LBB2
 373 0118 2F020000 		.4byte	0x22f
 374 011c 0C       		.uleb128 0xc
 375 011d CF020000 		.4byte	.LASF19
 376 0121 01       		.byte	0x1
 377 0122 46       		.byte	0x46
 378 0123 8C000000 		.4byte	0x8c
 379 0127 00000000 		.4byte	.LLST0
 380 012b 0C       		.uleb128 0xc
 381 012c 14000000 		.4byte	.LASF20
 382 0130 01       		.byte	0x1
 383 0131 47       		.byte	0x47
 384 0132 8C000000 		.4byte	0x8c
 385 0136 13000000 		.4byte	.LLST1
 386 013a 0C       		.uleb128 0xc
 387 013b 39010000 		.4byte	.LASF21
 388 013f 01       		.byte	0x1
 389 0140 4A       		.byte	0x4a
 390 0141 73000000 		.4byte	0x73
 391 0145 26000000 		.4byte	.LLST2
 392 0149 0D       		.uleb128 0xd
 393 014a 4F020000 		.4byte	.LASF22
 394 014e 01       		.byte	0x1
 395 014f 4C       		.byte	0x4c
 396 0150 CC020000 		.4byte	0x2cc
 397 0154 03       		.uleb128 0x3
 398 0155 91       		.byte	0x91
 399 0156 8C7F     		.sleb128 -116
 400 0158 0E       		.uleb128 0xe
 401 0159 D9020000 		.4byte	.LASF27
 402 015d 08       		.byte	0x8
 403 015e 00       		.byte	0
 404 015f 73000000 		.4byte	0x73
 405 0163 73010000 		.4byte	0x173
 406 0167 0F       		.uleb128 0xf
 407 0168 C6000000 		.4byte	0xc6
 408 016c 0F       		.uleb128 0xf
 409 016d CC000000 		.4byte	0xcc
 410 0171 10       		.uleb128 0x10
 411 0172 00       		.byte	0
 412 0173 11       		.uleb128 0x11
 413 0174 50000000 		.4byte	.LVL11
 414 0178 F8020000 		.4byte	0x2f8
 415 017c 8A010000 		.4byte	0x18a
 416 0180 12       		.uleb128 0x12
 417 0181 01       		.uleb128 0x1
 418 0182 50       		.byte	0x50
 419 0183 05       		.uleb128 0x5
 420 0184 03       		.byte	0x3
 421 0185 08000000 		.4byte	.LC5
 422 0189 00       		.byte	0
 423 018a 11       		.uleb128 0x11
ARM GAS  C:\Users\labview\AppData\Local\Temp\cc6pdDnE.s 			page 10


 424 018b 56000000 		.4byte	.LVL12
 425 018f 04030000 		.4byte	0x304
 426 0193 9D010000 		.4byte	0x19d
 427 0197 12       		.uleb128 0x12
 428 0198 01       		.uleb128 0x1
 429 0199 50       		.byte	0x50
 430 019a 01       		.uleb128 0x1
 431 019b 30       		.byte	0x30
 432 019c 00       		.byte	0
 433 019d 11       		.uleb128 0x11
 434 019e 60000000 		.4byte	.LVL15
 435 01a2 0F030000 		.4byte	0x30f
 436 01a6 B6010000 		.4byte	0x1b6
 437 01aa 12       		.uleb128 0x12
 438 01ab 01       		.uleb128 0x1
 439 01ac 50       		.byte	0x50
 440 01ad 01       		.uleb128 0x1
 441 01ae 30       		.byte	0x30
 442 01af 12       		.uleb128 0x12
 443 01b0 01       		.uleb128 0x1
 444 01b1 51       		.byte	0x51
 445 01b2 02       		.uleb128 0x2
 446 01b3 75       		.byte	0x75
 447 01b4 00       		.sleb128 0
 448 01b5 00       		.byte	0
 449 01b6 11       		.uleb128 0x11
 450 01b7 82000000 		.4byte	.LVL23
 451 01bb 1A030000 		.4byte	0x31a
 452 01bf D6010000 		.4byte	0x1d6
 453 01c3 12       		.uleb128 0x12
 454 01c4 01       		.uleb128 0x1
 455 01c5 50       		.byte	0x50
 456 01c6 03       		.uleb128 0x3
 457 01c7 91       		.byte	0x91
 458 01c8 8C7F     		.sleb128 -116
 459 01ca 12       		.uleb128 0x12
 460 01cb 01       		.uleb128 0x1
 461 01cc 51       		.byte	0x51
 462 01cd 01       		.uleb128 0x1
 463 01ce 30       		.byte	0x30
 464 01cf 12       		.uleb128 0x12
 465 01d0 01       		.uleb128 0x1
 466 01d1 52       		.byte	0x52
 467 01d2 02       		.uleb128 0x2
 468 01d3 08       		.byte	0x8
 469 01d4 64       		.byte	0x64
 470 01d5 00       		.byte	0
 471 01d6 11       		.uleb128 0x11
 472 01d7 90000000 		.4byte	.LVL24
 473 01db 23030000 		.4byte	0x323
 474 01df 07020000 		.4byte	0x207
 475 01e3 12       		.uleb128 0x12
 476 01e4 01       		.uleb128 0x1
 477 01e5 50       		.byte	0x50
 478 01e6 03       		.uleb128 0x3
 479 01e7 91       		.byte	0x91
 480 01e8 8C7F     		.sleb128 -116
ARM GAS  C:\Users\labview\AppData\Local\Temp\cc6pdDnE.s 			page 11


 481 01ea 12       		.uleb128 0x12
 482 01eb 01       		.uleb128 0x1
 483 01ec 51       		.byte	0x51
 484 01ed 05       		.uleb128 0x5
 485 01ee 03       		.byte	0x3
 486 01ef 14000000 		.4byte	.LC7
 487 01f3 12       		.uleb128 0x12
 488 01f4 01       		.uleb128 0x1
 489 01f5 52       		.byte	0x52
 490 01f6 02       		.uleb128 0x2
 491 01f7 75       		.byte	0x75
 492 01f8 00       		.sleb128 0
 493 01f9 12       		.uleb128 0x12
 494 01fa 01       		.uleb128 0x1
 495 01fb 53       		.byte	0x53
 496 01fc 02       		.uleb128 0x2
 497 01fd 76       		.byte	0x76
 498 01fe 00       		.sleb128 0
 499 01ff 12       		.uleb128 0x12
 500 0200 02       		.uleb128 0x2
 501 0201 7D       		.byte	0x7d
 502 0202 00       		.sleb128 0
 503 0203 02       		.uleb128 0x2
 504 0204 74       		.byte	0x74
 505 0205 00       		.sleb128 0
 506 0206 00       		.byte	0
 507 0207 11       		.uleb128 0x11
 508 0208 96000000 		.4byte	.LVL25
 509 020c F8020000 		.4byte	0x2f8
 510 0210 1C020000 		.4byte	0x21c
 511 0214 12       		.uleb128 0x12
 512 0215 01       		.uleb128 0x1
 513 0216 50       		.byte	0x50
 514 0217 03       		.uleb128 0x3
 515 0218 91       		.byte	0x91
 516 0219 8C7F     		.sleb128 -116
 517 021b 00       		.byte	0
 518 021c 09       		.uleb128 0x9
 519 021d A8000000 		.4byte	.LVL27
 520 0221 2E030000 		.4byte	0x32e
 521 0225 09       		.uleb128 0x9
 522 0226 AC000000 		.4byte	.LVL28
 523 022a 3A030000 		.4byte	0x33a
 524 022e 00       		.byte	0
 525 022f 11       		.uleb128 0x11
 526 0230 0C000000 		.4byte	.LVL1
 527 0234 45030000 		.4byte	0x345
 528 0238 46020000 		.4byte	0x246
 529 023c 12       		.uleb128 0x12
 530 023d 01       		.uleb128 0x1
 531 023e 50       		.byte	0x50
 532 023f 05       		.uleb128 0x5
 533 0240 03       		.byte	0x3
 534 0241 00000000 		.4byte	isr_handle
 535 0245 00       		.byte	0
 536 0246 11       		.uleb128 0x11
 537 0247 12000000 		.4byte	.LVL2
ARM GAS  C:\Users\labview\AppData\Local\Temp\cc6pdDnE.s 			page 12


 538 024b 50030000 		.4byte	0x350
 539 024f 59020000 		.4byte	0x259
 540 0253 12       		.uleb128 0x12
 541 0254 01       		.uleb128 0x1
 542 0255 50       		.byte	0x50
 543 0256 01       		.uleb128 0x1
 544 0257 31       		.byte	0x31
 545 0258 00       		.byte	0
 546 0259 11       		.uleb128 0x11
 547 025a 18000000 		.4byte	.LVL3
 548 025e 5C030000 		.4byte	0x35c
 549 0262 6C020000 		.4byte	0x26c
 550 0266 12       		.uleb128 0x12
 551 0267 01       		.uleb128 0x1
 552 0268 50       		.byte	0x50
 553 0269 01       		.uleb128 0x1
 554 026a 31       		.byte	0x31
 555 026b 00       		.byte	0
 556 026c 11       		.uleb128 0x11
 557 026d 20000000 		.4byte	.LVL4
 558 0271 68030000 		.4byte	0x368
 559 0275 81020000 		.4byte	0x281
 560 0279 12       		.uleb128 0x12
 561 027a 01       		.uleb128 0x1
 562 027b 50       		.byte	0x50
 563 027c 03       		.uleb128 0x3
 564 027d 0A       		.byte	0xa
 565 027e E803     		.2byte	0x3e8
 566 0280 00       		.byte	0
 567 0281 11       		.uleb128 0x11
 568 0282 26000000 		.4byte	.LVL5
 569 0286 2E030000 		.4byte	0x32e
 570 028a 94020000 		.4byte	0x294
 571 028e 12       		.uleb128 0x12
 572 028f 01       		.uleb128 0x1
 573 0290 50       		.byte	0x50
 574 0291 01       		.uleb128 0x1
 575 0292 30       		.byte	0x30
 576 0293 00       		.byte	0
 577 0294 09       		.uleb128 0x9
 578 0295 2A000000 		.4byte	.LVL6
 579 0299 74030000 		.4byte	0x374
 580 029d 09       		.uleb128 0x9
 581 029e 2E000000 		.4byte	.LVL7
 582 02a2 7F030000 		.4byte	0x37f
 583 02a6 09       		.uleb128 0x9
 584 02a7 32000000 		.4byte	.LVL8
 585 02ab 8A030000 		.4byte	0x38a
 586 02af 09       		.uleb128 0x9
 587 02b0 36000000 		.4byte	.LVL9
 588 02b4 95030000 		.4byte	0x395
 589 02b8 13       		.uleb128 0x13
 590 02b9 3C000000 		.4byte	.LVL10
 591 02bd F8020000 		.4byte	0x2f8
 592 02c1 12       		.uleb128 0x12
 593 02c2 01       		.uleb128 0x1
 594 02c3 50       		.byte	0x50
ARM GAS  C:\Users\labview\AppData\Local\Temp\cc6pdDnE.s 			page 13


 595 02c4 05       		.uleb128 0x5
 596 02c5 03       		.byte	0x3
 597 02c6 00000000 		.4byte	.LC2
 598 02ca 00       		.byte	0
 599 02cb 00       		.byte	0
 600 02cc 14       		.uleb128 0x14
 601 02cd B1000000 		.4byte	0xb1
 602 02d1 DC020000 		.4byte	0x2dc
 603 02d5 15       		.uleb128 0x15
 604 02d6 BF000000 		.4byte	0xbf
 605 02da 63       		.byte	0x63
 606 02db 00       		.byte	0
 607 02dc 16       		.uleb128 0x16
 608 02dd 43010000 		.4byte	.LASF43
 609 02e1 01       		.byte	0x1
 610 02e2 1B       		.byte	0x1b
 611 02e3 81000000 		.4byte	0x81
 612 02e7 05       		.uleb128 0x5
 613 02e8 03       		.byte	0x3
 614 02e9 00000000 		.4byte	flag
 615 02ed 17       		.uleb128 0x17
 616 02ee 9C020000 		.4byte	.LASF23
 617 02f2 9C020000 		.4byte	.LASF23
 618 02f6 05       		.byte	0x5
 619 02f7 25       		.byte	0x25
 620 02f8 18       		.uleb128 0x18
 621 02f9 5A000000 		.4byte	.LASF24
 622 02fd 5A000000 		.4byte	.LASF24
 623 0301 06       		.byte	0x6
 624 0302 2A03     		.2byte	0x32a
 625 0304 17       		.uleb128 0x17
 626 0305 C2000000 		.4byte	.LASF25
 627 0309 C2000000 		.4byte	.LASF25
 628 030d 07       		.byte	0x7
 629 030e A0       		.byte	0xa0
 630 030f 17       		.uleb128 0x17
 631 0310 21000000 		.4byte	.LASF26
 632 0314 21000000 		.4byte	.LASF26
 633 0318 07       		.byte	0x7
 634 0319 AC       		.byte	0xac
 635 031a 19       		.uleb128 0x19
 636 031b D2000000 		.4byte	.LASF44
 637 031f D2000000 		.4byte	.LASF44
 638 0323 17       		.uleb128 0x17
 639 0324 D9020000 		.4byte	.LASF27
 640 0328 D9020000 		.4byte	.LASF27
 641 032c 08       		.byte	0x8
 642 032d 00       		.byte	0
 643 032e 18       		.uleb128 0x18
 644 032f E0000000 		.4byte	.LASF28
 645 0333 E0000000 		.4byte	.LASF28
 646 0337 09       		.byte	0x9
 647 0338 5501     		.2byte	0x155
 648 033a 17       		.uleb128 0x17
 649 033b F6000000 		.4byte	.LASF29
 650 033f F6000000 		.4byte	.LASF29
 651 0343 05       		.byte	0x5
ARM GAS  C:\Users\labview\AppData\Local\Temp\cc6pdDnE.s 			page 14


 652 0344 23       		.byte	0x23
 653 0345 17       		.uleb128 0x17
 654 0346 07010000 		.4byte	.LASF30
 655 034a 07010000 		.4byte	.LASF30
 656 034e 05       		.byte	0x5
 657 034f 18       		.byte	0x18
 658 0350 18       		.uleb128 0x18
 659 0351 35000000 		.4byte	.LASF31
 660 0355 35000000 		.4byte	.LASF31
 661 0359 09       		.byte	0x9
 662 035a 5B01     		.2byte	0x15b
 663 035c 18       		.uleb128 0x18
 664 035d 48000000 		.4byte	.LASF32
 665 0361 48000000 		.4byte	.LASF32
 666 0365 09       		.byte	0x9
 667 0366 5A01     		.2byte	0x15a
 668 0368 18       		.uleb128 0x18
 669 0369 12020000 		.4byte	.LASF33
 670 036d 12020000 		.4byte	.LASF33
 671 0371 09       		.byte	0x9
 672 0372 5001     		.2byte	0x150
 673 0374 17       		.uleb128 0x17
 674 0375 72010000 		.4byte	.LASF34
 675 0379 72010000 		.4byte	.LASF34
 676 037d 07       		.byte	0x7
 677 037e 99       		.byte	0x99
 678 037f 17       		.uleb128 0x17
 679 0380 B7000000 		.4byte	.LASF35
 680 0384 B7000000 		.4byte	.LASF35
 681 0388 0A       		.byte	0xa
 682 0389 72       		.byte	0x72
 683 038a 17       		.uleb128 0x17
 684 038b 20010000 		.4byte	.LASF36
 685 038f 20010000 		.4byte	.LASF36
 686 0393 0B       		.byte	0xb
 687 0394 5A       		.byte	0x5a
 688 0395 17       		.uleb128 0x17
 689 0396 81000000 		.4byte	.LASF37
 690 039a 81000000 		.4byte	.LASF37
 691 039e 07       		.byte	0x7
 692 039f 9D       		.byte	0x9d
 693 03a0 00       		.byte	0
 694              		.section	.debug_abbrev,"",%progbits
 695              	.Ldebug_abbrev0:
 696 0000 01       		.uleb128 0x1
 697 0001 11       		.uleb128 0x11
 698 0002 01       		.byte	0x1
 699 0003 25       		.uleb128 0x25
 700 0004 0E       		.uleb128 0xe
 701 0005 13       		.uleb128 0x13
 702 0006 0B       		.uleb128 0xb
 703 0007 03       		.uleb128 0x3
 704 0008 0E       		.uleb128 0xe
 705 0009 1B       		.uleb128 0x1b
 706 000a 0E       		.uleb128 0xe
 707 000b 55       		.uleb128 0x55
 708 000c 17       		.uleb128 0x17
ARM GAS  C:\Users\labview\AppData\Local\Temp\cc6pdDnE.s 			page 15


 709 000d 11       		.uleb128 0x11
 710 000e 01       		.uleb128 0x1
 711 000f 10       		.uleb128 0x10
 712 0010 17       		.uleb128 0x17
 713 0011 00       		.byte	0
 714 0012 00       		.byte	0
 715 0013 02       		.uleb128 0x2
 716 0014 24       		.uleb128 0x24
 717 0015 00       		.byte	0
 718 0016 0B       		.uleb128 0xb
 719 0017 0B       		.uleb128 0xb
 720 0018 3E       		.uleb128 0x3e
 721 0019 0B       		.uleb128 0xb
 722 001a 03       		.uleb128 0x3
 723 001b 0E       		.uleb128 0xe
 724 001c 00       		.byte	0
 725 001d 00       		.byte	0
 726 001e 03       		.uleb128 0x3
 727 001f 16       		.uleb128 0x16
 728 0020 00       		.byte	0
 729 0021 03       		.uleb128 0x3
 730 0022 0E       		.uleb128 0xe
 731 0023 3A       		.uleb128 0x3a
 732 0024 0B       		.uleb128 0xb
 733 0025 3B       		.uleb128 0x3b
 734 0026 0B       		.uleb128 0xb
 735 0027 49       		.uleb128 0x49
 736 0028 13       		.uleb128 0x13
 737 0029 00       		.byte	0
 738 002a 00       		.byte	0
 739 002b 04       		.uleb128 0x4
 740 002c 24       		.uleb128 0x24
 741 002d 00       		.byte	0
 742 002e 0B       		.uleb128 0xb
 743 002f 0B       		.uleb128 0xb
 744 0030 3E       		.uleb128 0x3e
 745 0031 0B       		.uleb128 0xb
 746 0032 03       		.uleb128 0x3
 747 0033 08       		.uleb128 0x8
 748 0034 00       		.byte	0
 749 0035 00       		.byte	0
 750 0036 05       		.uleb128 0x5
 751 0037 16       		.uleb128 0x16
 752 0038 00       		.byte	0
 753 0039 03       		.uleb128 0x3
 754 003a 0E       		.uleb128 0xe
 755 003b 3A       		.uleb128 0x3a
 756 003c 0B       		.uleb128 0xb
 757 003d 3B       		.uleb128 0x3b
 758 003e 05       		.uleb128 0x5
 759 003f 49       		.uleb128 0x49
 760 0040 13       		.uleb128 0x13
 761 0041 00       		.byte	0
 762 0042 00       		.byte	0
 763 0043 06       		.uleb128 0x6
 764 0044 0F       		.uleb128 0xf
 765 0045 00       		.byte	0
ARM GAS  C:\Users\labview\AppData\Local\Temp\cc6pdDnE.s 			page 16


 766 0046 0B       		.uleb128 0xb
 767 0047 0B       		.uleb128 0xb
 768 0048 49       		.uleb128 0x49
 769 0049 13       		.uleb128 0x13
 770 004a 00       		.byte	0
 771 004b 00       		.byte	0
 772 004c 07       		.uleb128 0x7
 773 004d 26       		.uleb128 0x26
 774 004e 00       		.byte	0
 775 004f 49       		.uleb128 0x49
 776 0050 13       		.uleb128 0x13
 777 0051 00       		.byte	0
 778 0052 00       		.byte	0
 779 0053 08       		.uleb128 0x8
 780 0054 2E       		.uleb128 0x2e
 781 0055 01       		.byte	0x1
 782 0056 3F       		.uleb128 0x3f
 783 0057 19       		.uleb128 0x19
 784 0058 03       		.uleb128 0x3
 785 0059 0E       		.uleb128 0xe
 786 005a 3A       		.uleb128 0x3a
 787 005b 0B       		.uleb128 0xb
 788 005c 3B       		.uleb128 0x3b
 789 005d 0B       		.uleb128 0xb
 790 005e 27       		.uleb128 0x27
 791 005f 19       		.uleb128 0x19
 792 0060 11       		.uleb128 0x11
 793 0061 01       		.uleb128 0x1
 794 0062 12       		.uleb128 0x12
 795 0063 06       		.uleb128 0x6
 796 0064 40       		.uleb128 0x40
 797 0065 18       		.uleb128 0x18
 798 0066 9742     		.uleb128 0x2117
 799 0068 19       		.uleb128 0x19
 800 0069 01       		.uleb128 0x1
 801 006a 13       		.uleb128 0x13
 802 006b 00       		.byte	0
 803 006c 00       		.byte	0
 804 006d 09       		.uleb128 0x9
 805 006e 898201   		.uleb128 0x4109
 806 0071 00       		.byte	0
 807 0072 11       		.uleb128 0x11
 808 0073 01       		.uleb128 0x1
 809 0074 31       		.uleb128 0x31
 810 0075 13       		.uleb128 0x13
 811 0076 00       		.byte	0
 812 0077 00       		.byte	0
 813 0078 0A       		.uleb128 0xa
 814 0079 2E       		.uleb128 0x2e
 815 007a 01       		.byte	0x1
 816 007b 3F       		.uleb128 0x3f
 817 007c 19       		.uleb128 0x19
 818 007d 03       		.uleb128 0x3
 819 007e 0E       		.uleb128 0xe
 820 007f 3A       		.uleb128 0x3a
 821 0080 0B       		.uleb128 0xb
 822 0081 3B       		.uleb128 0x3b
ARM GAS  C:\Users\labview\AppData\Local\Temp\cc6pdDnE.s 			page 17


 823 0082 0B       		.uleb128 0xb
 824 0083 27       		.uleb128 0x27
 825 0084 19       		.uleb128 0x19
 826 0085 49       		.uleb128 0x49
 827 0086 13       		.uleb128 0x13
 828 0087 8701     		.uleb128 0x87
 829 0089 19       		.uleb128 0x19
 830 008a 11       		.uleb128 0x11
 831 008b 01       		.uleb128 0x1
 832 008c 12       		.uleb128 0x12
 833 008d 06       		.uleb128 0x6
 834 008e 40       		.uleb128 0x40
 835 008f 18       		.uleb128 0x18
 836 0090 9642     		.uleb128 0x2116
 837 0092 19       		.uleb128 0x19
 838 0093 01       		.uleb128 0x1
 839 0094 13       		.uleb128 0x13
 840 0095 00       		.byte	0
 841 0096 00       		.byte	0
 842 0097 0B       		.uleb128 0xb
 843 0098 0B       		.uleb128 0xb
 844 0099 01       		.byte	0x1
 845 009a 11       		.uleb128 0x11
 846 009b 01       		.uleb128 0x1
 847 009c 12       		.uleb128 0x12
 848 009d 06       		.uleb128 0x6
 849 009e 01       		.uleb128 0x1
 850 009f 13       		.uleb128 0x13
 851 00a0 00       		.byte	0
 852 00a1 00       		.byte	0
 853 00a2 0C       		.uleb128 0xc
 854 00a3 34       		.uleb128 0x34
 855 00a4 00       		.byte	0
 856 00a5 03       		.uleb128 0x3
 857 00a6 0E       		.uleb128 0xe
 858 00a7 3A       		.uleb128 0x3a
 859 00a8 0B       		.uleb128 0xb
 860 00a9 3B       		.uleb128 0x3b
 861 00aa 0B       		.uleb128 0xb
 862 00ab 49       		.uleb128 0x49
 863 00ac 13       		.uleb128 0x13
 864 00ad 02       		.uleb128 0x2
 865 00ae 17       		.uleb128 0x17
 866 00af 00       		.byte	0
 867 00b0 00       		.byte	0
 868 00b1 0D       		.uleb128 0xd
 869 00b2 34       		.uleb128 0x34
 870 00b3 00       		.byte	0
 871 00b4 03       		.uleb128 0x3
 872 00b5 0E       		.uleb128 0xe
 873 00b6 3A       		.uleb128 0x3a
 874 00b7 0B       		.uleb128 0xb
 875 00b8 3B       		.uleb128 0x3b
 876 00b9 0B       		.uleb128 0xb
 877 00ba 49       		.uleb128 0x49
 878 00bb 13       		.uleb128 0x13
 879 00bc 02       		.uleb128 0x2
ARM GAS  C:\Users\labview\AppData\Local\Temp\cc6pdDnE.s 			page 18


 880 00bd 18       		.uleb128 0x18
 881 00be 00       		.byte	0
 882 00bf 00       		.byte	0
 883 00c0 0E       		.uleb128 0xe
 884 00c1 2E       		.uleb128 0x2e
 885 00c2 01       		.byte	0x1
 886 00c3 3F       		.uleb128 0x3f
 887 00c4 19       		.uleb128 0x19
 888 00c5 03       		.uleb128 0x3
 889 00c6 0E       		.uleb128 0xe
 890 00c7 3A       		.uleb128 0x3a
 891 00c8 0B       		.uleb128 0xb
 892 00c9 3B       		.uleb128 0x3b
 893 00ca 0B       		.uleb128 0xb
 894 00cb 27       		.uleb128 0x27
 895 00cc 19       		.uleb128 0x19
 896 00cd 49       		.uleb128 0x49
 897 00ce 13       		.uleb128 0x13
 898 00cf 3C       		.uleb128 0x3c
 899 00d0 19       		.uleb128 0x19
 900 00d1 01       		.uleb128 0x1
 901 00d2 13       		.uleb128 0x13
 902 00d3 00       		.byte	0
 903 00d4 00       		.byte	0
 904 00d5 0F       		.uleb128 0xf
 905 00d6 05       		.uleb128 0x5
 906 00d7 00       		.byte	0
 907 00d8 49       		.uleb128 0x49
 908 00d9 13       		.uleb128 0x13
 909 00da 00       		.byte	0
 910 00db 00       		.byte	0
 911 00dc 10       		.uleb128 0x10
 912 00dd 18       		.uleb128 0x18
 913 00de 00       		.byte	0
 914 00df 00       		.byte	0
 915 00e0 00       		.byte	0
 916 00e1 11       		.uleb128 0x11
 917 00e2 898201   		.uleb128 0x4109
 918 00e5 01       		.byte	0x1
 919 00e6 11       		.uleb128 0x11
 920 00e7 01       		.uleb128 0x1
 921 00e8 31       		.uleb128 0x31
 922 00e9 13       		.uleb128 0x13
 923 00ea 01       		.uleb128 0x1
 924 00eb 13       		.uleb128 0x13
 925 00ec 00       		.byte	0
 926 00ed 00       		.byte	0
 927 00ee 12       		.uleb128 0x12
 928 00ef 8A8201   		.uleb128 0x410a
 929 00f2 00       		.byte	0
 930 00f3 02       		.uleb128 0x2
 931 00f4 18       		.uleb128 0x18
 932 00f5 9142     		.uleb128 0x2111
 933 00f7 18       		.uleb128 0x18
 934 00f8 00       		.byte	0
 935 00f9 00       		.byte	0
 936 00fa 13       		.uleb128 0x13
ARM GAS  C:\Users\labview\AppData\Local\Temp\cc6pdDnE.s 			page 19


 937 00fb 898201   		.uleb128 0x4109
 938 00fe 01       		.byte	0x1
 939 00ff 11       		.uleb128 0x11
 940 0100 01       		.uleb128 0x1
 941 0101 31       		.uleb128 0x31
 942 0102 13       		.uleb128 0x13
 943 0103 00       		.byte	0
 944 0104 00       		.byte	0
 945 0105 14       		.uleb128 0x14
 946 0106 01       		.uleb128 0x1
 947 0107 01       		.byte	0x1
 948 0108 49       		.uleb128 0x49
 949 0109 13       		.uleb128 0x13
 950 010a 01       		.uleb128 0x1
 951 010b 13       		.uleb128 0x13
 952 010c 00       		.byte	0
 953 010d 00       		.byte	0
 954 010e 15       		.uleb128 0x15
 955 010f 21       		.uleb128 0x21
 956 0110 00       		.byte	0
 957 0111 49       		.uleb128 0x49
 958 0112 13       		.uleb128 0x13
 959 0113 2F       		.uleb128 0x2f
 960 0114 0B       		.uleb128 0xb
 961 0115 00       		.byte	0
 962 0116 00       		.byte	0
 963 0117 16       		.uleb128 0x16
 964 0118 34       		.uleb128 0x34
 965 0119 00       		.byte	0
 966 011a 03       		.uleb128 0x3
 967 011b 0E       		.uleb128 0xe
 968 011c 3A       		.uleb128 0x3a
 969 011d 0B       		.uleb128 0xb
 970 011e 3B       		.uleb128 0x3b
 971 011f 0B       		.uleb128 0xb
 972 0120 49       		.uleb128 0x49
 973 0121 13       		.uleb128 0x13
 974 0122 3F       		.uleb128 0x3f
 975 0123 19       		.uleb128 0x19
 976 0124 02       		.uleb128 0x2
 977 0125 18       		.uleb128 0x18
 978 0126 00       		.byte	0
 979 0127 00       		.byte	0
 980 0128 17       		.uleb128 0x17
 981 0129 2E       		.uleb128 0x2e
 982 012a 00       		.byte	0
 983 012b 3F       		.uleb128 0x3f
 984 012c 19       		.uleb128 0x19
 985 012d 3C       		.uleb128 0x3c
 986 012e 19       		.uleb128 0x19
 987 012f 6E       		.uleb128 0x6e
 988 0130 0E       		.uleb128 0xe
 989 0131 03       		.uleb128 0x3
 990 0132 0E       		.uleb128 0xe
 991 0133 3A       		.uleb128 0x3a
 992 0134 0B       		.uleb128 0xb
 993 0135 3B       		.uleb128 0x3b
ARM GAS  C:\Users\labview\AppData\Local\Temp\cc6pdDnE.s 			page 20


 994 0136 0B       		.uleb128 0xb
 995 0137 00       		.byte	0
 996 0138 00       		.byte	0
 997 0139 18       		.uleb128 0x18
 998 013a 2E       		.uleb128 0x2e
 999 013b 00       		.byte	0
 1000 013c 3F       		.uleb128 0x3f
 1001 013d 19       		.uleb128 0x19
 1002 013e 3C       		.uleb128 0x3c
 1003 013f 19       		.uleb128 0x19
 1004 0140 6E       		.uleb128 0x6e
 1005 0141 0E       		.uleb128 0xe
 1006 0142 03       		.uleb128 0x3
 1007 0143 0E       		.uleb128 0xe
 1008 0144 3A       		.uleb128 0x3a
 1009 0145 0B       		.uleb128 0xb
 1010 0146 3B       		.uleb128 0x3b
 1011 0147 05       		.uleb128 0x5
 1012 0148 00       		.byte	0
 1013 0149 00       		.byte	0
 1014 014a 19       		.uleb128 0x19
 1015 014b 2E       		.uleb128 0x2e
 1016 014c 00       		.byte	0
 1017 014d 3F       		.uleb128 0x3f
 1018 014e 19       		.uleb128 0x19
 1019 014f 3C       		.uleb128 0x3c
 1020 0150 19       		.uleb128 0x19
 1021 0151 6E       		.uleb128 0x6e
 1022 0152 0E       		.uleb128 0xe
 1023 0153 03       		.uleb128 0x3
 1024 0154 0E       		.uleb128 0xe
 1025 0155 00       		.byte	0
 1026 0156 00       		.byte	0
 1027 0157 00       		.byte	0
 1028              		.section	.debug_loc,"",%progbits
 1029              	.Ldebug_loc0:
 1030              	.LLST0:
 1031 0000 58000000 		.4byte	.LVL13
 1032 0004 5C000000 		.4byte	.LVL14
 1033 0008 0100     		.2byte	0x1
 1034 000a 50       		.byte	0x50
 1035 000b 00000000 		.4byte	0
 1036 000f 00000000 		.4byte	0
 1037              	.LLST1:
 1038 0013 62000000 		.4byte	.LVL16
 1039 0017 65000000 		.4byte	.LVL17-1
 1040 001b 0100     		.2byte	0x1
 1041 001d 50       		.byte	0x50
 1042 001e 00000000 		.4byte	0
 1043 0022 00000000 		.4byte	0
 1044              	.LLST2:
 1045 0026 78000000 		.4byte	.LVL21
 1046 002a 7E000000 		.4byte	.LVL22
 1047 002e 0100     		.2byte	0x1
 1048 0030 50       		.byte	0x50
 1049 0031 7E000000 		.4byte	.LVL22
 1050 0035 CC000000 		.4byte	.LFE35
ARM GAS  C:\Users\labview\AppData\Local\Temp\cc6pdDnE.s 			page 21


 1051 0039 0100     		.2byte	0x1
 1052 003b 54       		.byte	0x54
 1053 003c 00000000 		.4byte	0
 1054 0040 00000000 		.4byte	0
 1055              		.section	.debug_aranges,"",%progbits
 1056 0000 24000000 		.4byte	0x24
 1057 0004 0200     		.2byte	0x2
 1058 0006 00000000 		.4byte	.Ldebug_info0
 1059 000a 04       		.byte	0x4
 1060 000b 00       		.byte	0
 1061 000c 0000     		.2byte	0
 1062 000e 0000     		.2byte	0
 1063 0010 00000000 		.4byte	.LFB34
 1064 0014 14000000 		.4byte	.LFE34-.LFB34
 1065 0018 00000000 		.4byte	.LFB35
 1066 001c CC000000 		.4byte	.LFE35-.LFB35
 1067 0020 00000000 		.4byte	0
 1068 0024 00000000 		.4byte	0
 1069              		.section	.debug_ranges,"",%progbits
 1070              	.Ldebug_ranges0:
 1071 0000 00000000 		.4byte	.LFB34
 1072 0004 14000000 		.4byte	.LFE34
 1073 0008 00000000 		.4byte	.LFB35
 1074 000c CC000000 		.4byte	.LFE35
 1075 0010 00000000 		.4byte	0
 1076 0014 00000000 		.4byte	0
 1077              		.section	.debug_line,"",%progbits
 1078              	.Ldebug_line0:
 1079 0000 D2010000 		.section	.debug_str,"MS",%progbits,1
 1079      02009501 
 1079      00000201 
 1079      FB0E0D00 
 1079      01010101 
 1080              	.LASF2:
 1081 0000 5F5F7569 		.ascii	"__uint8_t\000"
 1081      6E74385F 
 1081      7400
 1082              	.LASF3:
 1083 000a 5F5F696E 		.ascii	"__int16_t\000"
 1083      7431365F 
 1083      7400
 1084              	.LASF20:
 1085 0014 4144435F 		.ascii	"ADC_Value_mV\000"
 1085      56616C75 
 1085      655F6D56 
 1085      00
 1086              	.LASF26:
 1087 0021 4144435F 		.ascii	"ADC_CountsTo_mVolts\000"
 1087      436F756E 
 1087      7473546F 
 1087      5F6D566F 
 1087      6C747300 
 1088              	.LASF31:
 1089 0035 50574D5F 		.ascii	"PWM_SetCompareSwap\000"
 1089      53657443 
 1089      6F6D7061 
 1089      72655377 
ARM GAS  C:\Users\labview\AppData\Local\Temp\cc6pdDnE.s 			page 22


 1089      617000
 1090              	.LASF32:
 1091 0048 50574D5F 		.ascii	"PWM_SetPeriodSwap\000"
 1091      53657450 
 1091      6572696F 
 1091      64537761 
 1091      7000
 1092              	.LASF24:
 1093 005a 55415254 		.ascii	"UART_UartPutString\000"
 1093      5F556172 
 1093      74507574 
 1093      53747269 
 1093      6E6700
 1094              	.LASF14:
 1095 006d 666C6F61 		.ascii	"float\000"
 1095      7400
 1096              	.LASF1:
 1097 0073 756E7369 		.ascii	"unsigned char\000"
 1097      676E6564 
 1097      20636861 
 1097      7200
 1098              	.LASF37:
 1099 0081 4144435F 		.ascii	"ADC_StartConvert\000"
 1099      53746172 
 1099      74436F6E 
 1099      76657274 
 1099      00
 1100              	.LASF7:
 1101 0092 6C6F6E67 		.ascii	"long unsigned int\000"
 1101      20756E73 
 1101      69676E65 
 1101      6420696E 
 1101      7400
 1102              	.LASF5:
 1103 00a4 73686F72 		.ascii	"short unsigned int\000"
 1103      7420756E 
 1103      7369676E 
 1103      65642069 
 1103      6E7400
 1104              	.LASF35:
 1105 00b7 55415254 		.ascii	"UART_Start\000"
 1105      5F537461 
 1105      727400
 1106              	.LASF25:
 1107 00c2 4144435F 		.ascii	"ADC_GetResult16\000"
 1107      47657452 
 1107      6573756C 
 1107      74313600 
 1108              	.LASF44:
 1109 00d2 6D656D73 		.ascii	"memset\000"
 1109      657400
 1110              	.LASF15:
 1111 00d9 646F7562 		.ascii	"double\000"
 1111      6C6500
 1112              	.LASF28:
 1113 00e0 50574D5F 		.ascii	"PWM_WriteCompare\000"
 1113      57726974 
ARM GAS  C:\Users\labview\AppData\Local\Temp\cc6pdDnE.s 			page 23


 1113      65436F6D 
 1113      70617265 
 1113      00
 1114              	.LASF42:
 1115 00f1 6D61696E 		.ascii	"main\000"
 1115      00
 1116              	.LASF29:
 1117 00f6 4953525F 		.ascii	"ISR_TIMER_Enable\000"
 1117      54494D45 
 1117      525F456E 
 1117      61626C65 
 1117      00
 1118              	.LASF30:
 1119 0107 4953525F 		.ascii	"ISR_TIMER_StartEx\000"
 1119      54494D45 
 1119      525F5374 
 1119      61727445 
 1119      7800
 1120              	.LASF13:
 1121 0119 75696E74 		.ascii	"uint32\000"
 1121      333200
 1122              	.LASF36:
 1123 0120 54696D65 		.ascii	"Timer_Start\000"
 1123      725F5374 
 1123      61727400 
 1124              	.LASF10:
 1125 012c 756E7369 		.ascii	"unsigned int\000"
 1125      676E6564 
 1125      20696E74 
 1125      00
 1126              	.LASF21:
 1127 0139 44757479 		.ascii	"DutyCycle\000"
 1127      4379636C 
 1127      6500
 1128              	.LASF43:
 1129 0143 666C6167 		.ascii	"flag\000"
 1129      00
 1130              	.LASF9:
 1131 0148 6C6F6E67 		.ascii	"long long unsigned int\000"
 1131      206C6F6E 
 1131      6720756E 
 1131      7369676E 
 1131      65642069 
 1132              	.LASF11:
 1133 015f 75696E74 		.ascii	"uint8_t\000"
 1133      385F7400 
 1134              	.LASF41:
 1135 0167 6973725F 		.ascii	"isr_handle\000"
 1135      68616E64 
 1135      6C6500
 1136              	.LASF34:
 1137 0172 4144435F 		.ascii	"ADC_Start\000"
 1137      53746172 
 1137      7400
 1138              	.LASF12:
 1139 017c 696E7431 		.ascii	"int16_t\000"
 1139      365F7400 
ARM GAS  C:\Users\labview\AppData\Local\Temp\cc6pdDnE.s 			page 24


 1140              	.LASF38:
 1141 0184 474E5520 		.ascii	"GNU C11 5.4.1 20160609 (release) [ARM/embedded-5-br"
 1141      43313120 
 1141      352E342E 
 1141      31203230 
 1141      31363036 
 1142 01b7 616E6368 		.ascii	"anch revision 237715] -mcpu=cortex-m0 -mthumb -g -O"
 1142      20726576 
 1142      6973696F 
 1142      6E203233 
 1142      37373135 
 1143 01ea 67202D66 		.ascii	"g -ffunction-sections -ffat-lto-objects\000"
 1143      66756E63 
 1143      74696F6E 
 1143      2D736563 
 1143      74696F6E 
 1144              	.LASF33:
 1145 0212 50574D5F 		.ascii	"PWM_WritePeriod\000"
 1145      57726974 
 1145      65506572 
 1145      696F6400 
 1146              	.LASF18:
 1147 0222 73697A65 		.ascii	"sizetype\000"
 1147      74797065 
 1147      00
 1148              	.LASF8:
 1149 022b 6C6F6E67 		.ascii	"long long int\000"
 1149      206C6F6E 
 1149      6720696E 
 1149      7400
 1150              	.LASF39:
 1151 0239 6D61696E 		.ascii	"main.c\000"
 1151      2E6300
 1152              	.LASF16:
 1153 0240 63686172 		.ascii	"char\000"
 1153      00
 1154              	.LASF4:
 1155 0245 73686F72 		.ascii	"short int\000"
 1155      7420696E 
 1155      7400
 1156              	.LASF22:
 1157 024f 62756666 		.ascii	"buffer\000"
 1157      657200
 1158              	.LASF40:
 1159 0256 433A5C55 		.ascii	"C:\\Users\\labview\\Desktop\\MC60 - partie 2\\TP1 -"
 1159      73657273 
 1159      5C6C6162 
 1159      76696577 
 1159      5C446573 
 1160 0284 20316572 		.ascii	" 1er\\LLA\\Partie_3.cydsn\000"
 1160      5C4C4C41 
 1160      5C506172 
 1160      7469655F 
 1160      332E6379 
 1161              	.LASF23:
 1162 029c 4953525F 		.ascii	"ISR_TIMER_Disable\000"
 1162      54494D45 
ARM GAS  C:\Users\labview\AppData\Local\Temp\cc6pdDnE.s 			page 25


 1162      525F4469 
 1162      7361626C 
 1162      6500
 1163              	.LASF6:
 1164 02ae 6C6F6E67 		.ascii	"long int\000"
 1164      20696E74 
 1164      00
 1165              	.LASF17:
 1166 02b7 6C6F6E67 		.ascii	"long double\000"
 1166      20646F75 
 1166      626C6500 
 1167              	.LASF0:
 1168 02c3 7369676E 		.ascii	"signed char\000"
 1168      65642063 
 1168      68617200 
 1169              	.LASF19:
 1170 02cf 4144435F 		.ascii	"ADC_Value\000"
 1170      56616C75 
 1170      6500
 1171              	.LASF27:
 1172 02d9 73707269 		.ascii	"sprintf\000"
 1172      6E746600 
 1173              		.ident	"GCC: (GNU Tools for ARM Embedded Processors) 5.4.1 20160609 (release) [ARM/embedded-5-bran
