--------------- Clean Started: 12/03/2024 15:48:05 Project: Partie_2, Configuration: ARM GCC 5.4-2016-q2-update Debug ---------------
Deleting file ".\CortexM0\ARM_GCC_541\Debug\main.o"
Deleting file ".\CortexM0\ARM_GCC_541\Debug\cyfitter_cfg.o"
Deleting file ".\CortexM0\ARM_GCC_541\Debug\cymetadata.o"
Deleting file ".\CortexM0\ARM_GCC_541\Debug\Clock_1.o"
Deleting file ".\CortexM0\ARM_GCC_541\Debug\Cm0Start.o"
Deleting file ".\CortexM0\ARM_GCC_541\Debug\CyFlash.o"
Deleting file ".\CortexM0\ARM_GCC_541\Debug\CyLib.o"
Deleting file ".\CortexM0\ARM_GCC_541\Debug\cyPm.o"
Deleting file ".\CortexM0\ARM_GCC_541\Debug\cyutils.o"
Deleting file ".\CortexM0\ARM_GCC_541\Debug\CyBootAsmGnu.o"
Deleting file ".\CortexM0\ARM_GCC_541\Debug\CyDMA.o"
Deleting file ".\CortexM0\ARM_GCC_541\Debug\CyLFClk.o"
Deleting file ".\CortexM0\ARM_GCC_541\Debug\cy_em_eeprom.o"
Deleting file ".\CortexM0\ARM_GCC_541\Debug\Timer_1.o"
Deleting file ".\CortexM0\ARM_GCC_541\Debug\Timer_1_PM.o"
Deleting file ".\CortexM0\ARM_GCC_541\Debug\Timer_Int_1.o"
Deleting file ".\CortexM0\ARM_GCC_541\Debug\Timer_Int_10.o"
Deleting file ".\CortexM0\ARM_GCC_541\Debug\LED_BLUE.o"
Deleting file ".\CortexM0\ARM_GCC_541\Debug\LED_BLUE_PM.o"
Deleting file ".\CortexM0\ARM_GCC_541\Debug\Timer_2.o"
Deleting file ".\CortexM0\ARM_GCC_541\Debug\Timer_2_PM.o"
Deleting file ".\CortexM0\ARM_GCC_541\Debug\Clock_2.o"
Deleting file ".\CortexM0\ARM_GCC_541\Debug\Partie_2.hex"
Deleting file ".\CortexM0\ARM_GCC_541\Debug\Partie_2.elf"
Deleting file ".\CortexM0\ARM_GCC_541\Debug\Partie_2.map"
Deleting file ".\Partie_2.cycdx"
Deleting file ".\Partie_2.svd"
Deleting file ".\Partie_2.rpt"
Deleting file ".\Partie_2_timing.html"
Deleting file ".\CortexM0\ARM_GCC_541\Debug\.deps\SOURCE_C__ARM_GCC_GENERIC.P"
Deleting file ".\CortexM0\ARM_GCC_541\Debug\.deps\SOURCE_ASM__ARM_GCC_GENERIC.P"
--------------- Clean Succeeded: 12/03/2024 15:48:05 ---------------
