ARM GAS  C:\Users\labview\AppData\Local\Temp\ccZUtUIj.s 			page 1


   1              		.syntax unified
   2              		.cpu cortex-m0
   3              		.fpu softvfp
   4              		.eabi_attribute 20, 1
   5              		.eabi_attribute 21, 1
   6              		.eabi_attribute 23, 3
   7              		.eabi_attribute 24, 1
   8              		.eabi_attribute 25, 1
   9              		.eabi_attribute 26, 1
  10              		.eabi_attribute 30, 1
  11              		.eabi_attribute 34, 0
  12              		.eabi_attribute 18, 4
  13              		.thumb
  14              		.syntax unified
  15              		.file	"main.c"
  16              		.text
  17              	.Ltext0:
  18              		.cfi_sections	.debug_frame
  19              		.section	.text.Timer_ISR,"ax",%progbits
  20              		.align	2
  21              		.global	Timer_ISR
  22              		.code	16
  23              		.thumb_func
  24              		.type	Timer_ISR, %function
  25              	Timer_ISR:
  26              	.LFB34:
  27              		.file 1 "main.c"
   1:main.c        **** /* ========================================
   2:main.c        ****  *
   3:main.c        ****  * Copyright YOUR COMPANY, THE YEAR
   4:main.c        ****  * All Rights Reserved
   5:main.c        ****  * UNPUBLISHED, LICENSED SOFTWARE.
   6:main.c        ****  *
   7:main.c        ****  * CONFIDENTIAL AND PROPRIETARY INFORMATION
   8:main.c        ****  * WHICH IS THE PROPERTY OF your company.
   9:main.c        ****  *
  10:main.c        ****  * ========================================
  11:main.c        **** */
  12:main.c        **** #include "project.h"
  13:main.c        **** 
  14:main.c        **** 
  15:main.c        **** 
  16:main.c        **** CY_ISR(Timer_ISR)
  17:main.c        **** {
  28              		.loc 1 17 0
  29              		.cfi_startproc
  30              		@ args = 0, pretend = 0, frame = 0
  31              		@ frame_needed = 0, uses_anonymous_args = 0
  32 0000 10B5     		push	{r4, lr}
  33              		.cfi_def_cfa_offset 8
  34              		.cfi_offset 4, -8
  35              		.cfi_offset 14, -4
  18:main.c        ****     
  19:main.c        ****     static int cunter =-1;
  20:main.c        **** 
  21:main.c        ****     cunter++;
  36              		.loc 1 21 0
ARM GAS  C:\Users\labview\AppData\Local\Temp\ccZUtUIj.s 			page 2


  37 0002 0C4A     		ldr	r2, .L6
  38 0004 1368     		ldr	r3, [r2]
  39 0006 0133     		adds	r3, r3, #1
  40 0008 1360     		str	r3, [r2]
  22:main.c        **** 
  23:main.c        ****     switch(cunter){
  41              		.loc 1 23 0
  42 000a 022B     		cmp	r3, #2
  43 000c 07D0     		beq	.L3
  44 000e 032B     		cmp	r3, #3
  45 0010 09D0     		beq	.L4
  46 0012 002B     		cmp	r3, #0
  47 0014 0DD1     		bne	.L1
  24:main.c        ****         
  25:main.c        ****         case 0: 
  26:main.c        ****             LED_BLUE_Write(0);// Allumer la LED
  48              		.loc 1 26 0
  49 0016 0020     		movs	r0, #0
  50 0018 FFF7FEFF 		bl	LED_BLUE_Write
  51              	.LVL0:
  27:main.c        ****         break;
  52              		.loc 1 27 0
  53 001c 09E0     		b	.L1
  54              	.L3:
  28:main.c        ****         
  29:main.c        ****         case 2:
  30:main.c        ****             LED_BLUE_Write(1);// Eteindre la LED
  55              		.loc 1 30 0
  56 001e 0120     		movs	r0, #1
  57 0020 FFF7FEFF 		bl	LED_BLUE_Write
  58              	.LVL1:
  31:main.c        ****         break;
  59              		.loc 1 31 0
  60 0024 05E0     		b	.L1
  61              	.L4:
  32:main.c        ****             
  33:main.c        ****         case 3 : 
  34:main.c        ****             LED_BLUE_Write(0);// Allumer la LED
  62              		.loc 1 34 0
  63 0026 0020     		movs	r0, #0
  64 0028 FFF7FEFF 		bl	LED_BLUE_Write
  65              	.LVL2:
  35:main.c        ****             cunter =0;
  66              		.loc 1 35 0
  67 002c 0022     		movs	r2, #0
  68 002e 014B     		ldr	r3, .L6
  69 0030 1A60     		str	r2, [r3]
  70              	.L1:
  36:main.c        ****         break;
  37:main.c        ****             
  38:main.c        ****         default:
  39:main.c        ****         break;
  40:main.c        ****            
  41:main.c        ****     }
  42:main.c        ****     
  43:main.c        **** }
  71              		.loc 1 43 0
ARM GAS  C:\Users\labview\AppData\Local\Temp\ccZUtUIj.s 			page 3


  72              		@ sp needed
  73 0032 10BD     		pop	{r4, pc}
  74              	.L7:
  75              		.align	2
  76              	.L6:
  77 0034 00000000 		.word	.LANCHOR0
  78              		.cfi_endproc
  79              	.LFE34:
  80              		.size	Timer_ISR, .-Timer_ISR
  81              		.section	.text.main,"ax",%progbits
  82              		.align	2
  83              		.global	main
  84              		.code	16
  85              		.thumb_func
  86              		.type	main, %function
  87              	main:
  88              	.LFB35:
  44:main.c        **** 
  45:main.c        **** 
  46:main.c        **** 
  47:main.c        **** int main(void)
  48:main.c        **** {
  89              		.loc 1 48 0
  90              		.cfi_startproc
  91              		@ Volatile: function does not return.
  92              		@ args = 0, pretend = 0, frame = 0
  93              		@ frame_needed = 0, uses_anonymous_args = 0
  94 0000 10B5     		push	{r4, lr}
  95              		.cfi_def_cfa_offset 8
  96              		.cfi_offset 4, -8
  97              		.cfi_offset 14, -4
  49:main.c        ****     CyGlobalIntEnable; // Activer les interruptions globales
  98              		.loc 1 49 0
  99              		.syntax divided
 100              	@ 49 "main.c" 1
 101 0002 62B6     		CPSIE   i
 102              	@ 0 "" 2
  50:main.c        **** 
  51:main.c        ****  
  52:main.c        ****     Timer_Int_10_StartEx(Timer_ISR);
 103              		.loc 1 52 0
 104              		.thumb
 105              		.syntax unified
 106 0004 0248     		ldr	r0, .L10
 107 0006 FFF7FEFF 		bl	Timer_Int_10_StartEx
 108              	.LVL3:
  53:main.c        ****     
  54:main.c        ****     Timer_1_Start();
 109              		.loc 1 54 0
 110 000a FFF7FEFF 		bl	Timer_1_Start
 111              	.LVL4:
 112              	.L9:
 113 000e FEE7     		b	.L9
 114              	.L11:
 115              		.align	2
 116              	.L10:
 117 0010 00000000 		.word	Timer_ISR
ARM GAS  C:\Users\labview\AppData\Local\Temp\ccZUtUIj.s 			page 4


 118              		.cfi_endproc
 119              	.LFE35:
 120              		.size	main, .-main
 121              		.data
 122              		.align	2
 123              		.set	.LANCHOR0,. + 0
 124              		.type	cunter.5453, %object
 125              		.size	cunter.5453, 4
 126              	cunter.5453:
 127 0000 FFFFFFFF 		.word	-1
 128              		.text
 129              	.Letext0:
 130              		.file 2 "Generated_Source\\PSoC4/LED_BLUE.h"
 131              		.file 3 "Generated_Source\\PSoC4/Timer_Int_10.h"
 132              		.file 4 "Generated_Source\\PSoC4/Timer_1.h"
 133              		.section	.debug_info,"",%progbits
 134              	.Ldebug_info0:
 135 0000 42010000 		.4byte	0x142
 136 0004 0400     		.2byte	0x4
 137 0006 00000000 		.4byte	.Ldebug_abbrev0
 138 000a 04       		.byte	0x4
 139 000b 01       		.uleb128 0x1
 140 000c CD000000 		.4byte	.LASF17
 141 0010 0C       		.byte	0xc
 142 0011 1B000000 		.4byte	.LASF18
 143 0015 77000000 		.4byte	.LASF19
 144 0019 00000000 		.4byte	.Ldebug_ranges0+0
 145 001d 00000000 		.4byte	0
 146 0021 00000000 		.4byte	.Ldebug_line0
 147 0025 02       		.uleb128 0x2
 148 0026 01       		.byte	0x1
 149 0027 06       		.byte	0x6
 150 0028 6E010000 		.4byte	.LASF0
 151 002c 02       		.uleb128 0x2
 152 002d 01       		.byte	0x1
 153 002e 08       		.byte	0x8
 154 002f 64000000 		.4byte	.LASF1
 155 0033 02       		.uleb128 0x2
 156 0034 02       		.byte	0x2
 157 0035 05       		.byte	0x5
 158 0036 A5010000 		.4byte	.LASF2
 159 003a 02       		.uleb128 0x2
 160 003b 02       		.byte	0x2
 161 003c 07       		.byte	0x7
 162 003d 5B010000 		.4byte	.LASF3
 163 0041 02       		.uleb128 0x2
 164 0042 04       		.byte	0x4
 165 0043 05       		.byte	0x5
 166 0044 BD000000 		.4byte	.LASF4
 167 0048 02       		.uleb128 0x2
 168 0049 04       		.byte	0x4
 169 004a 07       		.byte	0x7
 170 004b 27000000 		.4byte	.LASF5
 171 004f 02       		.uleb128 0x2
 172 0050 08       		.byte	0x8
 173 0051 05       		.byte	0x5
 174 0052 00000000 		.4byte	.LASF6
ARM GAS  C:\Users\labview\AppData\Local\Temp\ccZUtUIj.s 			page 5


 175 0056 02       		.uleb128 0x2
 176 0057 08       		.byte	0x8
 177 0058 07       		.byte	0x7
 178 0059 39000000 		.4byte	.LASF7
 179 005d 03       		.uleb128 0x3
 180 005e 04       		.byte	0x4
 181 005f 05       		.byte	0x5
 182 0060 696E7400 		.ascii	"int\000"
 183 0064 02       		.uleb128 0x2
 184 0065 04       		.byte	0x4
 185 0066 07       		.byte	0x7
 186 0067 0E000000 		.4byte	.LASF8
 187 006b 02       		.uleb128 0x2
 188 006c 04       		.byte	0x4
 189 006d 04       		.byte	0x4
 190 006e 50000000 		.4byte	.LASF9
 191 0072 02       		.uleb128 0x2
 192 0073 08       		.byte	0x8
 193 0074 04       		.byte	0x4
 194 0075 C6000000 		.4byte	.LASF10
 195 0079 02       		.uleb128 0x2
 196 007a 01       		.byte	0x1
 197 007b 08       		.byte	0x8
 198 007c 72000000 		.4byte	.LASF11
 199 0080 02       		.uleb128 0x2
 200 0081 08       		.byte	0x8
 201 0082 04       		.byte	0x4
 202 0083 7A010000 		.4byte	.LASF12
 203 0087 02       		.uleb128 0x2
 204 0088 04       		.byte	0x4
 205 0089 07       		.byte	0x7
 206 008a BE010000 		.4byte	.LASF13
 207 008e 04       		.uleb128 0x4
 208 008f 86010000 		.4byte	.LASF20
 209 0093 01       		.byte	0x1
 210 0094 10       		.byte	0x10
 211 0095 00000000 		.4byte	.LFB34
 212 0099 38000000 		.4byte	.LFE34-.LFB34
 213 009d 01       		.uleb128 0x1
 214 009e 9C       		.byte	0x9c
 215 009f EA000000 		.4byte	0xea
 216 00a3 05       		.uleb128 0x5
 217 00a4 C7010000 		.4byte	.LASF21
 218 00a8 01       		.byte	0x1
 219 00a9 13       		.byte	0x13
 220 00aa 5D000000 		.4byte	0x5d
 221 00ae 05       		.uleb128 0x5
 222 00af 03       		.byte	0x3
 223 00b0 00000000 		.4byte	cunter.5453
 224 00b4 06       		.uleb128 0x6
 225 00b5 1C000000 		.4byte	.LVL0
 226 00b9 24010000 		.4byte	0x124
 227 00bd C7000000 		.4byte	0xc7
 228 00c1 07       		.uleb128 0x7
 229 00c2 01       		.uleb128 0x1
 230 00c3 50       		.byte	0x50
 231 00c4 01       		.uleb128 0x1
ARM GAS  C:\Users\labview\AppData\Local\Temp\ccZUtUIj.s 			page 6


 232 00c5 30       		.byte	0x30
 233 00c6 00       		.byte	0
 234 00c7 06       		.uleb128 0x6
 235 00c8 24000000 		.4byte	.LVL1
 236 00cc 24010000 		.4byte	0x124
 237 00d0 DA000000 		.4byte	0xda
 238 00d4 07       		.uleb128 0x7
 239 00d5 01       		.uleb128 0x1
 240 00d6 50       		.byte	0x50
 241 00d7 01       		.uleb128 0x1
 242 00d8 31       		.byte	0x31
 243 00d9 00       		.byte	0
 244 00da 08       		.uleb128 0x8
 245 00db 2C000000 		.4byte	.LVL2
 246 00df 24010000 		.4byte	0x124
 247 00e3 07       		.uleb128 0x7
 248 00e4 01       		.uleb128 0x1
 249 00e5 50       		.byte	0x50
 250 00e6 01       		.uleb128 0x1
 251 00e7 30       		.byte	0x30
 252 00e8 00       		.byte	0
 253 00e9 00       		.byte	0
 254 00ea 09       		.uleb128 0x9
 255 00eb 22000000 		.4byte	.LASF22
 256 00ef 01       		.byte	0x1
 257 00f0 2F       		.byte	0x2f
 258 00f1 5D000000 		.4byte	0x5d
 259 00f5 00000000 		.4byte	.LFB35
 260 00f9 14000000 		.4byte	.LFE35-.LFB35
 261 00fd 01       		.uleb128 0x1
 262 00fe 9C       		.byte	0x9c
 263 00ff 24010000 		.4byte	0x124
 264 0103 06       		.uleb128 0x6
 265 0104 0A000000 		.4byte	.LVL3
 266 0108 2F010000 		.4byte	0x12f
 267 010c 1A010000 		.4byte	0x11a
 268 0110 07       		.uleb128 0x7
 269 0111 01       		.uleb128 0x1
 270 0112 50       		.byte	0x50
 271 0113 05       		.uleb128 0x5
 272 0114 03       		.byte	0x3
 273 0115 00000000 		.4byte	Timer_ISR
 274 0119 00       		.byte	0
 275 011a 0A       		.uleb128 0xa
 276 011b 0E000000 		.4byte	.LVL4
 277 011f 3A010000 		.4byte	0x13a
 278 0123 00       		.byte	0
 279 0124 0B       		.uleb128 0xb
 280 0125 AF010000 		.4byte	.LASF14
 281 0129 AF010000 		.4byte	.LASF14
 282 012d 02       		.byte	0x2
 283 012e 33       		.byte	0x33
 284 012f 0B       		.uleb128 0xb
 285 0130 90010000 		.4byte	.LASF15
 286 0134 90010000 		.4byte	.LASF15
 287 0138 03       		.byte	0x3
 288 0139 18       		.byte	0x18
ARM GAS  C:\Users\labview\AppData\Local\Temp\ccZUtUIj.s 			page 7


 289 013a 0B       		.uleb128 0xb
 290 013b 56000000 		.4byte	.LASF16
 291 013f 56000000 		.4byte	.LASF16
 292 0143 04       		.byte	0x4
 293 0144 5A       		.byte	0x5a
 294 0145 00       		.byte	0
 295              		.section	.debug_abbrev,"",%progbits
 296              	.Ldebug_abbrev0:
 297 0000 01       		.uleb128 0x1
 298 0001 11       		.uleb128 0x11
 299 0002 01       		.byte	0x1
 300 0003 25       		.uleb128 0x25
 301 0004 0E       		.uleb128 0xe
 302 0005 13       		.uleb128 0x13
 303 0006 0B       		.uleb128 0xb
 304 0007 03       		.uleb128 0x3
 305 0008 0E       		.uleb128 0xe
 306 0009 1B       		.uleb128 0x1b
 307 000a 0E       		.uleb128 0xe
 308 000b 55       		.uleb128 0x55
 309 000c 17       		.uleb128 0x17
 310 000d 11       		.uleb128 0x11
 311 000e 01       		.uleb128 0x1
 312 000f 10       		.uleb128 0x10
 313 0010 17       		.uleb128 0x17
 314 0011 00       		.byte	0
 315 0012 00       		.byte	0
 316 0013 02       		.uleb128 0x2
 317 0014 24       		.uleb128 0x24
 318 0015 00       		.byte	0
 319 0016 0B       		.uleb128 0xb
 320 0017 0B       		.uleb128 0xb
 321 0018 3E       		.uleb128 0x3e
 322 0019 0B       		.uleb128 0xb
 323 001a 03       		.uleb128 0x3
 324 001b 0E       		.uleb128 0xe
 325 001c 00       		.byte	0
 326 001d 00       		.byte	0
 327 001e 03       		.uleb128 0x3
 328 001f 24       		.uleb128 0x24
 329 0020 00       		.byte	0
 330 0021 0B       		.uleb128 0xb
 331 0022 0B       		.uleb128 0xb
 332 0023 3E       		.uleb128 0x3e
 333 0024 0B       		.uleb128 0xb
 334 0025 03       		.uleb128 0x3
 335 0026 08       		.uleb128 0x8
 336 0027 00       		.byte	0
 337 0028 00       		.byte	0
 338 0029 04       		.uleb128 0x4
 339 002a 2E       		.uleb128 0x2e
 340 002b 01       		.byte	0x1
 341 002c 3F       		.uleb128 0x3f
 342 002d 19       		.uleb128 0x19
 343 002e 03       		.uleb128 0x3
 344 002f 0E       		.uleb128 0xe
 345 0030 3A       		.uleb128 0x3a
ARM GAS  C:\Users\labview\AppData\Local\Temp\ccZUtUIj.s 			page 8


 346 0031 0B       		.uleb128 0xb
 347 0032 3B       		.uleb128 0x3b
 348 0033 0B       		.uleb128 0xb
 349 0034 27       		.uleb128 0x27
 350 0035 19       		.uleb128 0x19
 351 0036 11       		.uleb128 0x11
 352 0037 01       		.uleb128 0x1
 353 0038 12       		.uleb128 0x12
 354 0039 06       		.uleb128 0x6
 355 003a 40       		.uleb128 0x40
 356 003b 18       		.uleb128 0x18
 357 003c 9742     		.uleb128 0x2117
 358 003e 19       		.uleb128 0x19
 359 003f 01       		.uleb128 0x1
 360 0040 13       		.uleb128 0x13
 361 0041 00       		.byte	0
 362 0042 00       		.byte	0
 363 0043 05       		.uleb128 0x5
 364 0044 34       		.uleb128 0x34
 365 0045 00       		.byte	0
 366 0046 03       		.uleb128 0x3
 367 0047 0E       		.uleb128 0xe
 368 0048 3A       		.uleb128 0x3a
 369 0049 0B       		.uleb128 0xb
 370 004a 3B       		.uleb128 0x3b
 371 004b 0B       		.uleb128 0xb
 372 004c 49       		.uleb128 0x49
 373 004d 13       		.uleb128 0x13
 374 004e 02       		.uleb128 0x2
 375 004f 18       		.uleb128 0x18
 376 0050 00       		.byte	0
 377 0051 00       		.byte	0
 378 0052 06       		.uleb128 0x6
 379 0053 898201   		.uleb128 0x4109
 380 0056 01       		.byte	0x1
 381 0057 11       		.uleb128 0x11
 382 0058 01       		.uleb128 0x1
 383 0059 31       		.uleb128 0x31
 384 005a 13       		.uleb128 0x13
 385 005b 01       		.uleb128 0x1
 386 005c 13       		.uleb128 0x13
 387 005d 00       		.byte	0
 388 005e 00       		.byte	0
 389 005f 07       		.uleb128 0x7
 390 0060 8A8201   		.uleb128 0x410a
 391 0063 00       		.byte	0
 392 0064 02       		.uleb128 0x2
 393 0065 18       		.uleb128 0x18
 394 0066 9142     		.uleb128 0x2111
 395 0068 18       		.uleb128 0x18
 396 0069 00       		.byte	0
 397 006a 00       		.byte	0
 398 006b 08       		.uleb128 0x8
 399 006c 898201   		.uleb128 0x4109
 400 006f 01       		.byte	0x1
 401 0070 11       		.uleb128 0x11
 402 0071 01       		.uleb128 0x1
ARM GAS  C:\Users\labview\AppData\Local\Temp\ccZUtUIj.s 			page 9


 403 0072 31       		.uleb128 0x31
 404 0073 13       		.uleb128 0x13
 405 0074 00       		.byte	0
 406 0075 00       		.byte	0
 407 0076 09       		.uleb128 0x9
 408 0077 2E       		.uleb128 0x2e
 409 0078 01       		.byte	0x1
 410 0079 3F       		.uleb128 0x3f
 411 007a 19       		.uleb128 0x19
 412 007b 03       		.uleb128 0x3
 413 007c 0E       		.uleb128 0xe
 414 007d 3A       		.uleb128 0x3a
 415 007e 0B       		.uleb128 0xb
 416 007f 3B       		.uleb128 0x3b
 417 0080 0B       		.uleb128 0xb
 418 0081 27       		.uleb128 0x27
 419 0082 19       		.uleb128 0x19
 420 0083 49       		.uleb128 0x49
 421 0084 13       		.uleb128 0x13
 422 0085 8701     		.uleb128 0x87
 423 0087 19       		.uleb128 0x19
 424 0088 11       		.uleb128 0x11
 425 0089 01       		.uleb128 0x1
 426 008a 12       		.uleb128 0x12
 427 008b 06       		.uleb128 0x6
 428 008c 40       		.uleb128 0x40
 429 008d 18       		.uleb128 0x18
 430 008e 9742     		.uleb128 0x2117
 431 0090 19       		.uleb128 0x19
 432 0091 01       		.uleb128 0x1
 433 0092 13       		.uleb128 0x13
 434 0093 00       		.byte	0
 435 0094 00       		.byte	0
 436 0095 0A       		.uleb128 0xa
 437 0096 898201   		.uleb128 0x4109
 438 0099 00       		.byte	0
 439 009a 11       		.uleb128 0x11
 440 009b 01       		.uleb128 0x1
 441 009c 31       		.uleb128 0x31
 442 009d 13       		.uleb128 0x13
 443 009e 00       		.byte	0
 444 009f 00       		.byte	0
 445 00a0 0B       		.uleb128 0xb
 446 00a1 2E       		.uleb128 0x2e
 447 00a2 00       		.byte	0
 448 00a3 3F       		.uleb128 0x3f
 449 00a4 19       		.uleb128 0x19
 450 00a5 3C       		.uleb128 0x3c
 451 00a6 19       		.uleb128 0x19
 452 00a7 6E       		.uleb128 0x6e
 453 00a8 0E       		.uleb128 0xe
 454 00a9 03       		.uleb128 0x3
 455 00aa 0E       		.uleb128 0xe
 456 00ab 3A       		.uleb128 0x3a
 457 00ac 0B       		.uleb128 0xb
 458 00ad 3B       		.uleb128 0x3b
 459 00ae 0B       		.uleb128 0xb
ARM GAS  C:\Users\labview\AppData\Local\Temp\ccZUtUIj.s 			page 10


 460 00af 00       		.byte	0
 461 00b0 00       		.byte	0
 462 00b1 00       		.byte	0
 463              		.section	.debug_aranges,"",%progbits
 464 0000 24000000 		.4byte	0x24
 465 0004 0200     		.2byte	0x2
 466 0006 00000000 		.4byte	.Ldebug_info0
 467 000a 04       		.byte	0x4
 468 000b 00       		.byte	0
 469 000c 0000     		.2byte	0
 470 000e 0000     		.2byte	0
 471 0010 00000000 		.4byte	.LFB34
 472 0014 38000000 		.4byte	.LFE34-.LFB34
 473 0018 00000000 		.4byte	.LFB35
 474 001c 14000000 		.4byte	.LFE35-.LFB35
 475 0020 00000000 		.4byte	0
 476 0024 00000000 		.4byte	0
 477              		.section	.debug_ranges,"",%progbits
 478              	.Ldebug_ranges0:
 479 0000 00000000 		.4byte	.LFB34
 480 0004 38000000 		.4byte	.LFE34
 481 0008 00000000 		.4byte	.LFB35
 482 000c 14000000 		.4byte	.LFE35
 483 0010 00000000 		.4byte	0
 484 0014 00000000 		.4byte	0
 485              		.section	.debug_line,"",%progbits
 486              	.Ldebug_line0:
 487 0000 91000000 		.section	.debug_str,"MS",%progbits,1
 487      02006100 
 487      00000201 
 487      FB0E0D00 
 487      01010101 
 488              	.LASF6:
 489 0000 6C6F6E67 		.ascii	"long long int\000"
 489      206C6F6E 
 489      6720696E 
 489      7400
 490              	.LASF8:
 491 000e 756E7369 		.ascii	"unsigned int\000"
 491      676E6564 
 491      20696E74 
 491      00
 492              	.LASF18:
 493 001b 6D61696E 		.ascii	"main.c\000"
 493      2E6300
 494              	.LASF22:
 495 0022 6D61696E 		.ascii	"main\000"
 495      00
 496              	.LASF5:
 497 0027 6C6F6E67 		.ascii	"long unsigned int\000"
 497      20756E73 
 497      69676E65 
 497      6420696E 
 497      7400
 498              	.LASF7:
 499 0039 6C6F6E67 		.ascii	"long long unsigned int\000"
 499      206C6F6E 
ARM GAS  C:\Users\labview\AppData\Local\Temp\ccZUtUIj.s 			page 11


 499      6720756E 
 499      7369676E 
 499      65642069 
 500              	.LASF9:
 501 0050 666C6F61 		.ascii	"float\000"
 501      7400
 502              	.LASF16:
 503 0056 54696D65 		.ascii	"Timer_1_Start\000"
 503      725F315F 
 503      53746172 
 503      7400
 504              	.LASF1:
 505 0064 756E7369 		.ascii	"unsigned char\000"
 505      676E6564 
 505      20636861 
 505      7200
 506              	.LASF11:
 507 0072 63686172 		.ascii	"char\000"
 507      00
 508              	.LASF19:
 509 0077 433A5C55 		.ascii	"C:\\Users\\labview\\Desktop\\MC60 - partie 2\\TP1 -"
 509      73657273 
 509      5C6C6162 
 509      76696577 
 509      5C446573 
 510 00a5 20316572 		.ascii	" 1er\\LLA\\Partie_2.cydsn\000"
 510      5C4C4C41 
 510      5C506172 
 510      7469655F 
 510      322E6379 
 511              	.LASF4:
 512 00bd 6C6F6E67 		.ascii	"long int\000"
 512      20696E74 
 512      00
 513              	.LASF10:
 514 00c6 646F7562 		.ascii	"double\000"
 514      6C6500
 515              	.LASF17:
 516 00cd 474E5520 		.ascii	"GNU C11 5.4.1 20160609 (release) [ARM/embedded-5-br"
 516      43313120 
 516      352E342E 
 516      31203230 
 516      31363036 
 517 0100 616E6368 		.ascii	"anch revision 237715] -mcpu=cortex-m0 -mthumb -g -O"
 517      20726576 
 517      6973696F 
 517      6E203233 
 517      37373135 
 518 0133 67202D66 		.ascii	"g -ffunction-sections -ffat-lto-objects\000"
 518      66756E63 
 518      74696F6E 
 518      2D736563 
 518      74696F6E 
 519              	.LASF3:
 520 015b 73686F72 		.ascii	"short unsigned int\000"
 520      7420756E 
 520      7369676E 
ARM GAS  C:\Users\labview\AppData\Local\Temp\ccZUtUIj.s 			page 12


 520      65642069 
 520      6E7400
 521              	.LASF0:
 522 016e 7369676E 		.ascii	"signed char\000"
 522      65642063 
 522      68617200 
 523              	.LASF12:
 524 017a 6C6F6E67 		.ascii	"long double\000"
 524      20646F75 
 524      626C6500 
 525              	.LASF20:
 526 0186 54696D65 		.ascii	"Timer_ISR\000"
 526      725F4953 
 526      5200
 527              	.LASF15:
 528 0190 54696D65 		.ascii	"Timer_Int_10_StartEx\000"
 528      725F496E 
 528      745F3130 
 528      5F537461 
 528      72744578 
 529              	.LASF2:
 530 01a5 73686F72 		.ascii	"short int\000"
 530      7420696E 
 530      7400
 531              	.LASF14:
 532 01af 4C45445F 		.ascii	"LED_BLUE_Write\000"
 532      424C5545 
 532      5F577269 
 532      746500
 533              	.LASF13:
 534 01be 73697A65 		.ascii	"sizetype\000"
 534      74797065 
 534      00
 535              	.LASF21:
 536 01c7 63756E74 		.ascii	"cunter\000"
 536      657200
 537              		.ident	"GCC: (GNU Tools for ARM Embedded Processors) 5.4.1 20160609 (release) [ARM/embedded-5-bran
