ARM GAS  C:\Users\labview\AppData\Local\Temp\ccAu6ugo.s 			page 1


   1              		.syntax unified
   2              		.cpu cortex-m0
   3              		.fpu softvfp
   4              		.eabi_attribute 20, 1
   5              		.eabi_attribute 21, 1
   6              		.eabi_attribute 23, 3
   7              		.eabi_attribute 24, 1
   8              		.eabi_attribute 25, 1
   9              		.eabi_attribute 26, 1
  10              		.eabi_attribute 30, 1
  11              		.eabi_attribute 34, 0
  12              		.eabi_attribute 18, 4
  13              		.thumb
  14              		.syntax unified
  15              		.file	"main.c"
  16              		.text
  17              	.Ltext0:
  18              		.cfi_sections	.debug_frame
  19              		.section	.text.main,"ax",%progbits
  20              		.align	2
  21              		.global	main
  22              		.code	16
  23              		.thumb_func
  24              		.type	main, %function
  25              	main:
  26              	.LFB34:
  27              		.file 1 "main.c"
   1:main.c        **** /* ========================================
   2:main.c        ****  *
   3:main.c        ****  * Copyright YOUR COMPANY, THE YEAR
   4:main.c        ****  * All Rights Reserved
   5:main.c        ****  * UNPUBLISHED, LICENSED SOFTWARE.
   6:main.c        ****  *
   7:main.c        ****  * CONFIDENTIAL AND PROPRIETARY INFORMATION
   8:main.c        ****  * WHICH IS THE PROPERTY OF your company.
   9:main.c        ****  *
  10:main.c        ****  * ========================================
  11:main.c        **** */
  12:main.c        **** #include "project.h"
  13:main.c        **** 
  14:main.c        **** 
  15:main.c        **** int main(void)
  16:main.c        **** {
  28              		.loc 1 16 0
  29              		.cfi_startproc
  30              		@ Volatile: function does not return.
  31              		@ args = 0, pretend = 0, frame = 0
  32              		@ frame_needed = 0, uses_anonymous_args = 0
  33 0000 10B5     		push	{r4, lr}
  34              		.cfi_def_cfa_offset 8
  35              		.cfi_offset 4, -8
  36              		.cfi_offset 14, -4
  17:main.c        ****     CyGlobalIntEnable; /* Activer les interruptions globales. */
  37              		.loc 1 17 0
  38              		.syntax divided
  39              	@ 17 "main.c" 1
  40 0002 62B6     		CPSIE   i
ARM GAS  C:\Users\labview\AppData\Local\Temp\ccAu6ugo.s 			page 2


  41              	@ 0 "" 2
  18:main.c        ****     PWM2_start();
  42              		.loc 1 18 0
  43              		.thumb
  44              		.syntax unified
  45 0004 FFF7FEFF 		bl	PWM2_start
  46              	.LVL0:
  47              	.L2:
  48 0008 FEE7     		b	.L2
  49              		.cfi_endproc
  50              	.LFE34:
  51              		.size	main, .-main
  52 000a C046     		.text
  53              	.Letext0:
  54              		.section	.debug_info,"",%progbits
  55              	.Ldebug_info0:
  56 0000 CA000000 		.4byte	0xca
  57 0004 0400     		.2byte	0x4
  58 0006 00000000 		.4byte	.Ldebug_abbrev0
  59 000a 04       		.byte	0x4
  60 000b 01       		.uleb128 0x1
  61 000c CA000000 		.4byte	.LASF14
  62 0010 0C       		.byte	0xc
  63 0011 1B000000 		.4byte	.LASF15
  64 0015 27000000 		.4byte	.LASF16
  65 0019 00000000 		.4byte	.Ldebug_ranges0+0
  66 001d 00000000 		.4byte	0
  67 0021 00000000 		.4byte	.Ldebug_line0
  68 0025 02       		.uleb128 0x2
  69 0026 01       		.byte	0x1
  70 0027 06       		.byte	0x6
  71 0028 6B010000 		.4byte	.LASF0
  72 002c 02       		.uleb128 0x2
  73 002d 01       		.byte	0x1
  74 002e 08       		.byte	0x8
  75 002f A7000000 		.4byte	.LASF1
  76 0033 02       		.uleb128 0x2
  77 0034 02       		.byte	0x2
  78 0035 05       		.byte	0x5
  79 0036 83010000 		.4byte	.LASF2
  80 003a 02       		.uleb128 0x2
  81 003b 02       		.byte	0x2
  82 003c 07       		.byte	0x7
  83 003d 58010000 		.4byte	.LASF3
  84 0041 02       		.uleb128 0x2
  85 0042 04       		.byte	0x4
  86 0043 05       		.byte	0x5
  87 0044 BA000000 		.4byte	.LASF4
  88 0048 02       		.uleb128 0x2
  89 0049 04       		.byte	0x4
  90 004a 07       		.byte	0x7
  91 004b 6D000000 		.4byte	.LASF5
  92 004f 02       		.uleb128 0x2
  93 0050 08       		.byte	0x8
  94 0051 05       		.byte	0x5
  95 0052 00000000 		.4byte	.LASF6
  96 0056 02       		.uleb128 0x2
ARM GAS  C:\Users\labview\AppData\Local\Temp\ccAu6ugo.s 			page 3


  97 0057 08       		.byte	0x8
  98 0058 07       		.byte	0x7
  99 0059 8A000000 		.4byte	.LASF7
 100 005d 03       		.uleb128 0x3
 101 005e 04       		.byte	0x4
 102 005f 05       		.byte	0x5
 103 0060 696E7400 		.ascii	"int\000"
 104 0064 02       		.uleb128 0x2
 105 0065 04       		.byte	0x4
 106 0066 07       		.byte	0x7
 107 0067 0E000000 		.4byte	.LASF8
 108 006b 02       		.uleb128 0x2
 109 006c 04       		.byte	0x4
 110 006d 04       		.byte	0x4
 111 006e A1000000 		.4byte	.LASF9
 112 0072 02       		.uleb128 0x2
 113 0073 08       		.byte	0x8
 114 0074 04       		.byte	0x4
 115 0075 C3000000 		.4byte	.LASF10
 116 0079 02       		.uleb128 0x2
 117 007a 01       		.byte	0x1
 118 007b 08       		.byte	0x8
 119 007c B5000000 		.4byte	.LASF11
 120 0080 02       		.uleb128 0x2
 121 0081 08       		.byte	0x8
 122 0082 04       		.byte	0x4
 123 0083 77010000 		.4byte	.LASF12
 124 0087 02       		.uleb128 0x2
 125 0088 04       		.byte	0x4
 126 0089 07       		.byte	0x7
 127 008a 8D010000 		.4byte	.LASF13
 128 008e 04       		.uleb128 0x4
 129 008f 22000000 		.4byte	.LASF17
 130 0093 01       		.byte	0x1
 131 0094 0F       		.byte	0xf
 132 0095 5D000000 		.4byte	0x5d
 133 0099 00000000 		.4byte	.LFB34
 134 009d 0A000000 		.4byte	.LFE34-.LFB34
 135 00a1 01       		.uleb128 0x1
 136 00a2 9C       		.byte	0x9c
 137 00a3 C2000000 		.4byte	0xc2
 138 00a7 05       		.uleb128 0x5
 139 00a8 7F000000 		.4byte	.LASF18
 140 00ac 01       		.byte	0x1
 141 00ad 12       		.byte	0x12
 142 00ae 5D000000 		.4byte	0x5d
 143 00b2 B8000000 		.4byte	0xb8
 144 00b6 06       		.uleb128 0x6
 145 00b7 00       		.byte	0
 146 00b8 07       		.uleb128 0x7
 147 00b9 08000000 		.4byte	.LVL0
 148 00bd C2000000 		.4byte	0xc2
 149 00c1 00       		.byte	0
 150 00c2 08       		.uleb128 0x8
 151 00c3 7F000000 		.4byte	.LASF18
 152 00c7 7F000000 		.4byte	.LASF18
 153 00cb 01       		.byte	0x1
ARM GAS  C:\Users\labview\AppData\Local\Temp\ccAu6ugo.s 			page 4


 154 00cc 12       		.byte	0x12
 155 00cd 00       		.byte	0
 156              		.section	.debug_abbrev,"",%progbits
 157              	.Ldebug_abbrev0:
 158 0000 01       		.uleb128 0x1
 159 0001 11       		.uleb128 0x11
 160 0002 01       		.byte	0x1
 161 0003 25       		.uleb128 0x25
 162 0004 0E       		.uleb128 0xe
 163 0005 13       		.uleb128 0x13
 164 0006 0B       		.uleb128 0xb
 165 0007 03       		.uleb128 0x3
 166 0008 0E       		.uleb128 0xe
 167 0009 1B       		.uleb128 0x1b
 168 000a 0E       		.uleb128 0xe
 169 000b 55       		.uleb128 0x55
 170 000c 17       		.uleb128 0x17
 171 000d 11       		.uleb128 0x11
 172 000e 01       		.uleb128 0x1
 173 000f 10       		.uleb128 0x10
 174 0010 17       		.uleb128 0x17
 175 0011 00       		.byte	0
 176 0012 00       		.byte	0
 177 0013 02       		.uleb128 0x2
 178 0014 24       		.uleb128 0x24
 179 0015 00       		.byte	0
 180 0016 0B       		.uleb128 0xb
 181 0017 0B       		.uleb128 0xb
 182 0018 3E       		.uleb128 0x3e
 183 0019 0B       		.uleb128 0xb
 184 001a 03       		.uleb128 0x3
 185 001b 0E       		.uleb128 0xe
 186 001c 00       		.byte	0
 187 001d 00       		.byte	0
 188 001e 03       		.uleb128 0x3
 189 001f 24       		.uleb128 0x24
 190 0020 00       		.byte	0
 191 0021 0B       		.uleb128 0xb
 192 0022 0B       		.uleb128 0xb
 193 0023 3E       		.uleb128 0x3e
 194 0024 0B       		.uleb128 0xb
 195 0025 03       		.uleb128 0x3
 196 0026 08       		.uleb128 0x8
 197 0027 00       		.byte	0
 198 0028 00       		.byte	0
 199 0029 04       		.uleb128 0x4
 200 002a 2E       		.uleb128 0x2e
 201 002b 01       		.byte	0x1
 202 002c 3F       		.uleb128 0x3f
 203 002d 19       		.uleb128 0x19
 204 002e 03       		.uleb128 0x3
 205 002f 0E       		.uleb128 0xe
 206 0030 3A       		.uleb128 0x3a
 207 0031 0B       		.uleb128 0xb
 208 0032 3B       		.uleb128 0x3b
 209 0033 0B       		.uleb128 0xb
 210 0034 27       		.uleb128 0x27
ARM GAS  C:\Users\labview\AppData\Local\Temp\ccAu6ugo.s 			page 5


 211 0035 19       		.uleb128 0x19
 212 0036 49       		.uleb128 0x49
 213 0037 13       		.uleb128 0x13
 214 0038 8701     		.uleb128 0x87
 215 003a 19       		.uleb128 0x19
 216 003b 11       		.uleb128 0x11
 217 003c 01       		.uleb128 0x1
 218 003d 12       		.uleb128 0x12
 219 003e 06       		.uleb128 0x6
 220 003f 40       		.uleb128 0x40
 221 0040 18       		.uleb128 0x18
 222 0041 9742     		.uleb128 0x2117
 223 0043 19       		.uleb128 0x19
 224 0044 01       		.uleb128 0x1
 225 0045 13       		.uleb128 0x13
 226 0046 00       		.byte	0
 227 0047 00       		.byte	0
 228 0048 05       		.uleb128 0x5
 229 0049 2E       		.uleb128 0x2e
 230 004a 01       		.byte	0x1
 231 004b 3F       		.uleb128 0x3f
 232 004c 19       		.uleb128 0x19
 233 004d 03       		.uleb128 0x3
 234 004e 0E       		.uleb128 0xe
 235 004f 3A       		.uleb128 0x3a
 236 0050 0B       		.uleb128 0xb
 237 0051 3B       		.uleb128 0x3b
 238 0052 0B       		.uleb128 0xb
 239 0053 49       		.uleb128 0x49
 240 0054 13       		.uleb128 0x13
 241 0055 3C       		.uleb128 0x3c
 242 0056 19       		.uleb128 0x19
 243 0057 01       		.uleb128 0x1
 244 0058 13       		.uleb128 0x13
 245 0059 00       		.byte	0
 246 005a 00       		.byte	0
 247 005b 06       		.uleb128 0x6
 248 005c 18       		.uleb128 0x18
 249 005d 00       		.byte	0
 250 005e 00       		.byte	0
 251 005f 00       		.byte	0
 252 0060 07       		.uleb128 0x7
 253 0061 898201   		.uleb128 0x4109
 254 0064 00       		.byte	0
 255 0065 11       		.uleb128 0x11
 256 0066 01       		.uleb128 0x1
 257 0067 31       		.uleb128 0x31
 258 0068 13       		.uleb128 0x13
 259 0069 00       		.byte	0
 260 006a 00       		.byte	0
 261 006b 08       		.uleb128 0x8
 262 006c 2E       		.uleb128 0x2e
 263 006d 00       		.byte	0
 264 006e 3F       		.uleb128 0x3f
 265 006f 19       		.uleb128 0x19
 266 0070 3C       		.uleb128 0x3c
 267 0071 19       		.uleb128 0x19
ARM GAS  C:\Users\labview\AppData\Local\Temp\ccAu6ugo.s 			page 6


 268 0072 6E       		.uleb128 0x6e
 269 0073 0E       		.uleb128 0xe
 270 0074 03       		.uleb128 0x3
 271 0075 0E       		.uleb128 0xe
 272 0076 3A       		.uleb128 0x3a
 273 0077 0B       		.uleb128 0xb
 274 0078 3B       		.uleb128 0x3b
 275 0079 0B       		.uleb128 0xb
 276 007a 00       		.byte	0
 277 007b 00       		.byte	0
 278 007c 00       		.byte	0
 279              		.section	.debug_aranges,"",%progbits
 280 0000 1C000000 		.4byte	0x1c
 281 0004 0200     		.2byte	0x2
 282 0006 00000000 		.4byte	.Ldebug_info0
 283 000a 04       		.byte	0x4
 284 000b 00       		.byte	0
 285 000c 0000     		.2byte	0
 286 000e 0000     		.2byte	0
 287 0010 00000000 		.4byte	.LFB34
 288 0014 0A000000 		.4byte	.LFE34-.LFB34
 289 0018 00000000 		.4byte	0
 290 001c 00000000 		.4byte	0
 291              		.section	.debug_ranges,"",%progbits
 292              	.Ldebug_ranges0:
 293 0000 00000000 		.4byte	.LFB34
 294 0004 0A000000 		.4byte	.LFE34
 295 0008 00000000 		.4byte	0
 296 000c 00000000 		.4byte	0
 297              		.section	.debug_line,"",%progbits
 298              	.Ldebug_line0:
 299 0000 34000000 		.section	.debug_str,"MS",%progbits,1
 299      02001D00 
 299      00000201 
 299      FB0E0D00 
 299      01010101 
 300              	.LASF6:
 301 0000 6C6F6E67 		.ascii	"long long int\000"
 301      206C6F6E 
 301      6720696E 
 301      7400
 302              	.LASF8:
 303 000e 756E7369 		.ascii	"unsigned int\000"
 303      676E6564 
 303      20696E74 
 303      00
 304              	.LASF15:
 305 001b 6D61696E 		.ascii	"main.c\000"
 305      2E6300
 306              	.LASF17:
 307 0022 6D61696E 		.ascii	"main\000"
 307      00
 308              	.LASF16:
 309 0027 433A5C55 		.ascii	"C:\\Users\\labview\\Desktop\\MC60 - partie 2\\TP1 -"
 309      73657273 
 309      5C6C6162 
 309      76696577 
ARM GAS  C:\Users\labview\AppData\Local\Temp\ccAu6ugo.s 			page 7


 309      5C446573 
 310 0055 20316572 		.ascii	" 1er\\LLA\\Design01.cydsn\000"
 310      5C4C4C41 
 310      5C446573 
 310      69676E30 
 310      312E6379 
 311              	.LASF5:
 312 006d 6C6F6E67 		.ascii	"long unsigned int\000"
 312      20756E73 
 312      69676E65 
 312      6420696E 
 312      7400
 313              	.LASF18:
 314 007f 50574D32 		.ascii	"PWM2_start\000"
 314      5F737461 
 314      727400
 315              	.LASF7:
 316 008a 6C6F6E67 		.ascii	"long long unsigned int\000"
 316      206C6F6E 
 316      6720756E 
 316      7369676E 
 316      65642069 
 317              	.LASF9:
 318 00a1 666C6F61 		.ascii	"float\000"
 318      7400
 319              	.LASF1:
 320 00a7 756E7369 		.ascii	"unsigned char\000"
 320      676E6564 
 320      20636861 
 320      7200
 321              	.LASF11:
 322 00b5 63686172 		.ascii	"char\000"
 322      00
 323              	.LASF4:
 324 00ba 6C6F6E67 		.ascii	"long int\000"
 324      20696E74 
 324      00
 325              	.LASF10:
 326 00c3 646F7562 		.ascii	"double\000"
 326      6C6500
 327              	.LASF14:
 328 00ca 474E5520 		.ascii	"GNU C11 5.4.1 20160609 (release) [ARM/embedded-5-br"
 328      43313120 
 328      352E342E 
 328      31203230 
 328      31363036 
 329 00fd 616E6368 		.ascii	"anch revision 237715] -mcpu=cortex-m0 -mthumb -g -O"
 329      20726576 
 329      6973696F 
 329      6E203233 
 329      37373135 
 330 0130 67202D66 		.ascii	"g -ffunction-sections -ffat-lto-objects\000"
 330      66756E63 
 330      74696F6E 
 330      2D736563 
 330      74696F6E 
 331              	.LASF3:
ARM GAS  C:\Users\labview\AppData\Local\Temp\ccAu6ugo.s 			page 8


 332 0158 73686F72 		.ascii	"short unsigned int\000"
 332      7420756E 
 332      7369676E 
 332      65642069 
 332      6E7400
 333              	.LASF0:
 334 016b 7369676E 		.ascii	"signed char\000"
 334      65642063 
 334      68617200 
 335              	.LASF12:
 336 0177 6C6F6E67 		.ascii	"long double\000"
 336      20646F75 
 336      626C6500 
 337              	.LASF2:
 338 0183 73686F72 		.ascii	"short int\000"
 338      7420696E 
 338      7400
 339              	.LASF13:
 340 018d 73697A65 		.ascii	"sizetype\000"
 340      74797065 
 340      00
 341              		.ident	"GCC: (GNU Tools for ARM Embedded Processors) 5.4.1 20160609 (release) [ARM/embedded-5-bran
