ARM GAS  C:\Users\labview\AppData\Local\Temp\ccfOet4v.s 			page 1


   1              		.syntax unified
   2              		.cpu cortex-m0
   3              		.fpu softvfp
   4              		.eabi_attribute 20, 1
   5              		.eabi_attribute 21, 1
   6              		.eabi_attribute 23, 3
   7              		.eabi_attribute 24, 1
   8              		.eabi_attribute 25, 1
   9              		.eabi_attribute 26, 1
  10              		.eabi_attribute 30, 1
  11              		.eabi_attribute 34, 0
  12              		.eabi_attribute 18, 4
  13              		.thumb
  14              		.syntax unified
  15              		.file	"main.c"
  16              		.text
  17              	.Ltext0:
  18              		.cfi_sections	.debug_frame
  19              		.section	.text.main,"ax",%progbits
  20              		.align	2
  21              		.global	main
  22              		.code	16
  23              		.thumb_func
  24              		.type	main, %function
  25              	main:
  26              	.LFB34:
  27              		.file 1 "main.c"
   1:main.c        **** /* ========================================
   2:main.c        ****  *
   3:main.c        ****  * Copyright YOUR COMPANY, THE YEAR
   4:main.c        ****  * All Rights Reserved
   5:main.c        ****  * UNPUBLISHED, LICENSED SOFTWARE.
   6:main.c        ****  *
   7:main.c        ****  * CONFIDENTIAL AND PROPRIETARY INFORMATION
   8:main.c        ****  * WHICH IS THE PROPERTY OF your company.
   9:main.c        ****  *
  10:main.c        ****  * ========================================
  11:main.c        **** */
  12:main.c        **** #include "project.h"
  13:main.c        **** 
  14:main.c        **** int main(void)
  15:main.c        **** {
  28              		.loc 1 15 0
  29              		.cfi_startproc
  30              		@ args = 0, pretend = 0, frame = 0
  31              		@ frame_needed = 0, uses_anonymous_args = 0
  32 0000 10B5     		push	{r4, lr}
  33              		.cfi_def_cfa_offset 8
  34              		.cfi_offset 4, -8
  35              		.cfi_offset 14, -4
  16:main.c        ****     CyGlobalIntEnable; /* Enable global interrupts. */
  36              		.loc 1 16 0
  37              		.syntax divided
  38              	@ 16 "main.c" 1
  39 0002 62B6     		CPSIE   i
  40              	@ 0 "" 2
  17:main.c        **** 
ARM GAS  C:\Users\labview\AppData\Local\Temp\ccfOet4v.s 			page 2


  18:main.c        ****     /* Place your initialization/startup code here (e.g. MyInst_Start()) */
  19:main.c        ****     PWM_Start();
  41              		.loc 1 19 0
  42              		.thumb
  43              		.syntax unified
  44 0004 FFF7FEFF 		bl	PWM_Start
  45              	.LVL0:
  20:main.c        ****     
  21:main.c        ****     int periode =10;
  22:main.c        ****     float High = 0.95;
  23:main.c        ****     float Low = 0.05;
  24:main.c        ****         
  25:main.c        ****     PWM_SetCompareSwap(1);  
  46              		.loc 1 25 0
  47 0008 0120     		movs	r0, #1
  48 000a FFF7FEFF 		bl	PWM_SetCompareSwap
  49              	.LVL1:
  26:main.c        ****     PWM_SetPeriodSwap(1);
  50              		.loc 1 26 0
  51 000e 0120     		movs	r0, #1
  52 0010 FFF7FEFF 		bl	PWM_SetPeriodSwap
  53              	.LVL2:
  27:main.c        ****     
  28:main.c        ****     PWM_WritePeriod(periode);
  54              		.loc 1 28 0
  55 0014 0A20     		movs	r0, #10
  56 0016 FFF7FEFF 		bl	PWM_WritePeriod
  57              	.LVL3:
  29:main.c        ****     
  30:main.c        ****     PWM_WriteCompare(periode*Low);
  58              		.loc 1 30 0
  59 001a 0020     		movs	r0, #0
  60 001c FFF7FEFF 		bl	PWM_WriteCompare
  61              	.LVL4:
  62              	.L2:
  31:main.c        ****     
  32:main.c        **** 
  33:main.c        ****     for(;;)
  34:main.c        ****     {
  35:main.c        ****         if(SW_Read()==1){
  63              		.loc 1 35 0
  64 0020 FFF7FEFF 		bl	SW_Read
  65              	.LVL5:
  66 0024 0128     		cmp	r0, #1
  67 0026 03D1     		bne	.L3
  36:main.c        ****            PWM_WriteCompare(periode*High); 
  68              		.loc 1 36 0
  69 0028 0830     		adds	r0, r0, #8
  70 002a FFF7FEFF 		bl	PWM_WriteCompare
  71              	.LVL6:
  72 002e F7E7     		b	.L2
  73              	.L3:
  37:main.c        ****         }else{
  38:main.c        ****             PWM_WriteCompare(periode*Low);
  74              		.loc 1 38 0
  75 0030 0020     		movs	r0, #0
  76 0032 FFF7FEFF 		bl	PWM_WriteCompare
ARM GAS  C:\Users\labview\AppData\Local\Temp\ccfOet4v.s 			page 3


  77              	.LVL7:
  78 0036 F3E7     		b	.L2
  79              		.cfi_endproc
  80              	.LFE34:
  81              		.size	main, .-main
  82              		.text
  83              	.Letext0:
  84              		.file 2 "Generated_Source\\PSoC4/PWM.h"
  85              		.file 3 "Generated_Source\\PSoC4/SW.h"
  86              		.section	.debug_info,"",%progbits
  87              	.Ldebug_info0:
  88 0000 8E010000 		.4byte	0x18e
  89 0004 0400     		.2byte	0x4
  90 0006 00000000 		.4byte	.Ldebug_abbrev0
  91 000a 04       		.byte	0x4
  92 000b 01       		.uleb128 0x1
  93 000c 17010000 		.4byte	.LASF22
  94 0010 0C       		.byte	0xc
  95 0011 15000000 		.4byte	.LASF23
  96 0015 56000000 		.4byte	.LASF24
  97 0019 00000000 		.4byte	.Ldebug_ranges0+0
  98 001d 00000000 		.4byte	0
  99 0021 00000000 		.4byte	.Ldebug_line0
 100 0025 02       		.uleb128 0x2
 101 0026 01       		.byte	0x1
 102 0027 06       		.byte	0x6
 103 0028 B8010000 		.4byte	.LASF0
 104 002c 02       		.uleb128 0x2
 105 002d 01       		.byte	0x1
 106 002e 08       		.byte	0x8
 107 002f D6000000 		.4byte	.LASF1
 108 0033 02       		.uleb128 0x2
 109 0034 02       		.byte	0x2
 110 0035 05       		.byte	0x5
 111 0036 D0010000 		.4byte	.LASF2
 112 003a 02       		.uleb128 0x2
 113 003b 02       		.byte	0x2
 114 003c 07       		.byte	0x7
 115 003d A5010000 		.4byte	.LASF3
 116 0041 02       		.uleb128 0x2
 117 0042 04       		.byte	0x4
 118 0043 05       		.byte	0x5
 119 0044 E9000000 		.4byte	.LASF4
 120 0048 02       		.uleb128 0x2
 121 0049 04       		.byte	0x4
 122 004a 07       		.byte	0x7
 123 004b 44000000 		.4byte	.LASF5
 124 004f 02       		.uleb128 0x2
 125 0050 08       		.byte	0x8
 126 0051 05       		.byte	0x5
 127 0052 09010000 		.4byte	.LASF6
 128 0056 02       		.uleb128 0x2
 129 0057 08       		.byte	0x8
 130 0058 07       		.byte	0x7
 131 0059 9C000000 		.4byte	.LASF7
 132 005d 03       		.uleb128 0x3
 133 005e 04       		.byte	0x4
ARM GAS  C:\Users\labview\AppData\Local\Temp\ccfOet4v.s 			page 4


 134 005f 05       		.byte	0x5
 135 0060 696E7400 		.ascii	"int\000"
 136 0064 02       		.uleb128 0x2
 137 0065 04       		.byte	0x4
 138 0066 07       		.byte	0x7
 139 0067 00000000 		.4byte	.LASF8
 140 006b 02       		.uleb128 0x2
 141 006c 04       		.byte	0x4
 142 006d 04       		.byte	0x4
 143 006e B3000000 		.4byte	.LASF9
 144 0072 02       		.uleb128 0x2
 145 0073 08       		.byte	0x8
 146 0074 04       		.byte	0x4
 147 0075 02010000 		.4byte	.LASF10
 148 0079 02       		.uleb128 0x2
 149 007a 01       		.byte	0x1
 150 007b 08       		.byte	0x8
 151 007c E4000000 		.4byte	.LASF11
 152 0080 02       		.uleb128 0x2
 153 0081 08       		.byte	0x8
 154 0082 04       		.byte	0x4
 155 0083 C4010000 		.4byte	.LASF12
 156 0087 02       		.uleb128 0x2
 157 0088 04       		.byte	0x4
 158 0089 07       		.byte	0x7
 159 008a DF010000 		.4byte	.LASF13
 160 008e 04       		.uleb128 0x4
 161 008f 1C000000 		.4byte	.LASF25
 162 0093 01       		.byte	0x1
 163 0094 0E       		.byte	0xe
 164 0095 5D000000 		.4byte	0x5d
 165 0099 00000000 		.4byte	.LFB34
 166 009d 38000000 		.4byte	.LFE34-.LFB34
 167 00a1 01       		.uleb128 0x1
 168 00a2 9C       		.byte	0x9c
 169 00a3 4A010000 		.4byte	0x14a
 170 00a7 05       		.uleb128 0x5
 171 00a8 0D000000 		.4byte	.LASF14
 172 00ac 01       		.byte	0x1
 173 00ad 15       		.byte	0x15
 174 00ae 5D000000 		.4byte	0x5d
 175 00b2 0A       		.byte	0xa
 176 00b3 06       		.uleb128 0x6
 177 00b4 DA010000 		.4byte	.LASF15
 178 00b8 01       		.byte	0x1
 179 00b9 16       		.byte	0x16
 180 00ba 6B000000 		.4byte	0x6b
 181 00be 04       		.byte	0x4
 182 00bf 3333733F 		.4byte	0x3f733333
 183 00c3 07       		.uleb128 0x7
 184 00c4 4C6F7700 		.ascii	"Low\000"
 185 00c8 01       		.byte	0x1
 186 00c9 17       		.byte	0x17
 187 00ca 6B000000 		.4byte	0x6b
 188 00ce 04       		.byte	0x4
 189 00cf CDCC4C3D 		.4byte	0x3d4ccccd
 190 00d3 08       		.uleb128 0x8
ARM GAS  C:\Users\labview\AppData\Local\Temp\ccfOet4v.s 			page 5


 191 00d4 08000000 		.4byte	.LVL0
 192 00d8 4A010000 		.4byte	0x14a
 193 00dc 09       		.uleb128 0x9
 194 00dd 0E000000 		.4byte	.LVL1
 195 00e1 56010000 		.4byte	0x156
 196 00e5 EF000000 		.4byte	0xef
 197 00e9 0A       		.uleb128 0xa
 198 00ea 01       		.uleb128 0x1
 199 00eb 50       		.byte	0x50
 200 00ec 01       		.uleb128 0x1
 201 00ed 31       		.byte	0x31
 202 00ee 00       		.byte	0
 203 00ef 09       		.uleb128 0x9
 204 00f0 14000000 		.4byte	.LVL2
 205 00f4 62010000 		.4byte	0x162
 206 00f8 02010000 		.4byte	0x102
 207 00fc 0A       		.uleb128 0xa
 208 00fd 01       		.uleb128 0x1
 209 00fe 50       		.byte	0x50
 210 00ff 01       		.uleb128 0x1
 211 0100 31       		.byte	0x31
 212 0101 00       		.byte	0
 213 0102 09       		.uleb128 0x9
 214 0103 1A000000 		.4byte	.LVL3
 215 0107 6E010000 		.4byte	0x16e
 216 010b 15010000 		.4byte	0x115
 217 010f 0A       		.uleb128 0xa
 218 0110 01       		.uleb128 0x1
 219 0111 50       		.byte	0x50
 220 0112 01       		.uleb128 0x1
 221 0113 3A       		.byte	0x3a
 222 0114 00       		.byte	0
 223 0115 09       		.uleb128 0x9
 224 0116 20000000 		.4byte	.LVL4
 225 011a 7A010000 		.4byte	0x17a
 226 011e 28010000 		.4byte	0x128
 227 0122 0A       		.uleb128 0xa
 228 0123 01       		.uleb128 0x1
 229 0124 50       		.byte	0x50
 230 0125 01       		.uleb128 0x1
 231 0126 30       		.byte	0x30
 232 0127 00       		.byte	0
 233 0128 08       		.uleb128 0x8
 234 0129 24000000 		.4byte	.LVL5
 235 012d 86010000 		.4byte	0x186
 236 0131 08       		.uleb128 0x8
 237 0132 2E000000 		.4byte	.LVL6
 238 0136 7A010000 		.4byte	0x17a
 239 013a 0B       		.uleb128 0xb
 240 013b 36000000 		.4byte	.LVL7
 241 013f 7A010000 		.4byte	0x17a
 242 0143 0A       		.uleb128 0xa
 243 0144 01       		.uleb128 0x1
 244 0145 50       		.byte	0x50
 245 0146 01       		.uleb128 0x1
 246 0147 30       		.byte	0x30
 247 0148 00       		.byte	0
ARM GAS  C:\Users\labview\AppData\Local\Temp\ccfOet4v.s 			page 6


 248 0149 00       		.byte	0
 249 014a 0C       		.uleb128 0xc
 250 014b CC000000 		.4byte	.LASF16
 251 014f CC000000 		.4byte	.LASF16
 252 0153 02       		.byte	0x2
 253 0154 3201     		.2byte	0x132
 254 0156 0C       		.uleb128 0xc
 255 0157 B9000000 		.4byte	.LASF17
 256 015b B9000000 		.4byte	.LASF17
 257 015f 02       		.byte	0x2
 258 0160 5B01     		.2byte	0x15b
 259 0162 0C       		.uleb128 0xc
 260 0163 32000000 		.4byte	.LASF18
 261 0167 32000000 		.4byte	.LASF18
 262 016b 02       		.byte	0x2
 263 016c 5A01     		.2byte	0x15a
 264 016e 0C       		.uleb128 0xc
 265 016f F2000000 		.4byte	.LASF19
 266 0173 F2000000 		.4byte	.LASF19
 267 0177 02       		.byte	0x2
 268 0178 5001     		.2byte	0x150
 269 017a 0C       		.uleb128 0xc
 270 017b 21000000 		.4byte	.LASF20
 271 017f 21000000 		.4byte	.LASF20
 272 0183 02       		.byte	0x2
 273 0184 5501     		.2byte	0x155
 274 0186 0D       		.uleb128 0xd
 275 0187 E8010000 		.4byte	.LASF21
 276 018b E8010000 		.4byte	.LASF21
 277 018f 03       		.byte	0x3
 278 0190 32       		.byte	0x32
 279 0191 00       		.byte	0
 280              		.section	.debug_abbrev,"",%progbits
 281              	.Ldebug_abbrev0:
 282 0000 01       		.uleb128 0x1
 283 0001 11       		.uleb128 0x11
 284 0002 01       		.byte	0x1
 285 0003 25       		.uleb128 0x25
 286 0004 0E       		.uleb128 0xe
 287 0005 13       		.uleb128 0x13
 288 0006 0B       		.uleb128 0xb
 289 0007 03       		.uleb128 0x3
 290 0008 0E       		.uleb128 0xe
 291 0009 1B       		.uleb128 0x1b
 292 000a 0E       		.uleb128 0xe
 293 000b 55       		.uleb128 0x55
 294 000c 17       		.uleb128 0x17
 295 000d 11       		.uleb128 0x11
 296 000e 01       		.uleb128 0x1
 297 000f 10       		.uleb128 0x10
 298 0010 17       		.uleb128 0x17
 299 0011 00       		.byte	0
 300 0012 00       		.byte	0
 301 0013 02       		.uleb128 0x2
 302 0014 24       		.uleb128 0x24
 303 0015 00       		.byte	0
 304 0016 0B       		.uleb128 0xb
ARM GAS  C:\Users\labview\AppData\Local\Temp\ccfOet4v.s 			page 7


 305 0017 0B       		.uleb128 0xb
 306 0018 3E       		.uleb128 0x3e
 307 0019 0B       		.uleb128 0xb
 308 001a 03       		.uleb128 0x3
 309 001b 0E       		.uleb128 0xe
 310 001c 00       		.byte	0
 311 001d 00       		.byte	0
 312 001e 03       		.uleb128 0x3
 313 001f 24       		.uleb128 0x24
 314 0020 00       		.byte	0
 315 0021 0B       		.uleb128 0xb
 316 0022 0B       		.uleb128 0xb
 317 0023 3E       		.uleb128 0x3e
 318 0024 0B       		.uleb128 0xb
 319 0025 03       		.uleb128 0x3
 320 0026 08       		.uleb128 0x8
 321 0027 00       		.byte	0
 322 0028 00       		.byte	0
 323 0029 04       		.uleb128 0x4
 324 002a 2E       		.uleb128 0x2e
 325 002b 01       		.byte	0x1
 326 002c 3F       		.uleb128 0x3f
 327 002d 19       		.uleb128 0x19
 328 002e 03       		.uleb128 0x3
 329 002f 0E       		.uleb128 0xe
 330 0030 3A       		.uleb128 0x3a
 331 0031 0B       		.uleb128 0xb
 332 0032 3B       		.uleb128 0x3b
 333 0033 0B       		.uleb128 0xb
 334 0034 27       		.uleb128 0x27
 335 0035 19       		.uleb128 0x19
 336 0036 49       		.uleb128 0x49
 337 0037 13       		.uleb128 0x13
 338 0038 8701     		.uleb128 0x87
 339 003a 19       		.uleb128 0x19
 340 003b 11       		.uleb128 0x11
 341 003c 01       		.uleb128 0x1
 342 003d 12       		.uleb128 0x12
 343 003e 06       		.uleb128 0x6
 344 003f 40       		.uleb128 0x40
 345 0040 18       		.uleb128 0x18
 346 0041 9742     		.uleb128 0x2117
 347 0043 19       		.uleb128 0x19
 348 0044 01       		.uleb128 0x1
 349 0045 13       		.uleb128 0x13
 350 0046 00       		.byte	0
 351 0047 00       		.byte	0
 352 0048 05       		.uleb128 0x5
 353 0049 34       		.uleb128 0x34
 354 004a 00       		.byte	0
 355 004b 03       		.uleb128 0x3
 356 004c 0E       		.uleb128 0xe
 357 004d 3A       		.uleb128 0x3a
 358 004e 0B       		.uleb128 0xb
 359 004f 3B       		.uleb128 0x3b
 360 0050 0B       		.uleb128 0xb
 361 0051 49       		.uleb128 0x49
ARM GAS  C:\Users\labview\AppData\Local\Temp\ccfOet4v.s 			page 8


 362 0052 13       		.uleb128 0x13
 363 0053 1C       		.uleb128 0x1c
 364 0054 0B       		.uleb128 0xb
 365 0055 00       		.byte	0
 366 0056 00       		.byte	0
 367 0057 06       		.uleb128 0x6
 368 0058 34       		.uleb128 0x34
 369 0059 00       		.byte	0
 370 005a 03       		.uleb128 0x3
 371 005b 0E       		.uleb128 0xe
 372 005c 3A       		.uleb128 0x3a
 373 005d 0B       		.uleb128 0xb
 374 005e 3B       		.uleb128 0x3b
 375 005f 0B       		.uleb128 0xb
 376 0060 49       		.uleb128 0x49
 377 0061 13       		.uleb128 0x13
 378 0062 1C       		.uleb128 0x1c
 379 0063 0A       		.uleb128 0xa
 380 0064 00       		.byte	0
 381 0065 00       		.byte	0
 382 0066 07       		.uleb128 0x7
 383 0067 34       		.uleb128 0x34
 384 0068 00       		.byte	0
 385 0069 03       		.uleb128 0x3
 386 006a 08       		.uleb128 0x8
 387 006b 3A       		.uleb128 0x3a
 388 006c 0B       		.uleb128 0xb
 389 006d 3B       		.uleb128 0x3b
 390 006e 0B       		.uleb128 0xb
 391 006f 49       		.uleb128 0x49
 392 0070 13       		.uleb128 0x13
 393 0071 1C       		.uleb128 0x1c
 394 0072 0A       		.uleb128 0xa
 395 0073 00       		.byte	0
 396 0074 00       		.byte	0
 397 0075 08       		.uleb128 0x8
 398 0076 898201   		.uleb128 0x4109
 399 0079 00       		.byte	0
 400 007a 11       		.uleb128 0x11
 401 007b 01       		.uleb128 0x1
 402 007c 31       		.uleb128 0x31
 403 007d 13       		.uleb128 0x13
 404 007e 00       		.byte	0
 405 007f 00       		.byte	0
 406 0080 09       		.uleb128 0x9
 407 0081 898201   		.uleb128 0x4109
 408 0084 01       		.byte	0x1
 409 0085 11       		.uleb128 0x11
 410 0086 01       		.uleb128 0x1
 411 0087 31       		.uleb128 0x31
 412 0088 13       		.uleb128 0x13
 413 0089 01       		.uleb128 0x1
 414 008a 13       		.uleb128 0x13
 415 008b 00       		.byte	0
 416 008c 00       		.byte	0
 417 008d 0A       		.uleb128 0xa
 418 008e 8A8201   		.uleb128 0x410a
ARM GAS  C:\Users\labview\AppData\Local\Temp\ccfOet4v.s 			page 9


 419 0091 00       		.byte	0
 420 0092 02       		.uleb128 0x2
 421 0093 18       		.uleb128 0x18
 422 0094 9142     		.uleb128 0x2111
 423 0096 18       		.uleb128 0x18
 424 0097 00       		.byte	0
 425 0098 00       		.byte	0
 426 0099 0B       		.uleb128 0xb
 427 009a 898201   		.uleb128 0x4109
 428 009d 01       		.byte	0x1
 429 009e 11       		.uleb128 0x11
 430 009f 01       		.uleb128 0x1
 431 00a0 31       		.uleb128 0x31
 432 00a1 13       		.uleb128 0x13
 433 00a2 00       		.byte	0
 434 00a3 00       		.byte	0
 435 00a4 0C       		.uleb128 0xc
 436 00a5 2E       		.uleb128 0x2e
 437 00a6 00       		.byte	0
 438 00a7 3F       		.uleb128 0x3f
 439 00a8 19       		.uleb128 0x19
 440 00a9 3C       		.uleb128 0x3c
 441 00aa 19       		.uleb128 0x19
 442 00ab 6E       		.uleb128 0x6e
 443 00ac 0E       		.uleb128 0xe
 444 00ad 03       		.uleb128 0x3
 445 00ae 0E       		.uleb128 0xe
 446 00af 3A       		.uleb128 0x3a
 447 00b0 0B       		.uleb128 0xb
 448 00b1 3B       		.uleb128 0x3b
 449 00b2 05       		.uleb128 0x5
 450 00b3 00       		.byte	0
 451 00b4 00       		.byte	0
 452 00b5 0D       		.uleb128 0xd
 453 00b6 2E       		.uleb128 0x2e
 454 00b7 00       		.byte	0
 455 00b8 3F       		.uleb128 0x3f
 456 00b9 19       		.uleb128 0x19
 457 00ba 3C       		.uleb128 0x3c
 458 00bb 19       		.uleb128 0x19
 459 00bc 6E       		.uleb128 0x6e
 460 00bd 0E       		.uleb128 0xe
 461 00be 03       		.uleb128 0x3
 462 00bf 0E       		.uleb128 0xe
 463 00c0 3A       		.uleb128 0x3a
 464 00c1 0B       		.uleb128 0xb
 465 00c2 3B       		.uleb128 0x3b
 466 00c3 0B       		.uleb128 0xb
 467 00c4 00       		.byte	0
 468 00c5 00       		.byte	0
 469 00c6 00       		.byte	0
 470              		.section	.debug_aranges,"",%progbits
 471 0000 1C000000 		.4byte	0x1c
 472 0004 0200     		.2byte	0x2
 473 0006 00000000 		.4byte	.Ldebug_info0
 474 000a 04       		.byte	0x4
 475 000b 00       		.byte	0
ARM GAS  C:\Users\labview\AppData\Local\Temp\ccfOet4v.s 			page 10


 476 000c 0000     		.2byte	0
 477 000e 0000     		.2byte	0
 478 0010 00000000 		.4byte	.LFB34
 479 0014 38000000 		.4byte	.LFE34-.LFB34
 480 0018 00000000 		.4byte	0
 481 001c 00000000 		.4byte	0
 482              		.section	.debug_ranges,"",%progbits
 483              	.Ldebug_ranges0:
 484 0000 00000000 		.4byte	.LFB34
 485 0004 38000000 		.4byte	.LFE34
 486 0008 00000000 		.4byte	0
 487 000c 00000000 		.4byte	0
 488              		.section	.debug_line,"",%progbits
 489              	.Ldebug_line0:
 490 0000 63000000 		.section	.debug_str,"MS",%progbits,1
 490      02004500 
 490      00000201 
 490      FB0E0D00 
 490      01010101 
 491              	.LASF8:
 492 0000 756E7369 		.ascii	"unsigned int\000"
 492      676E6564 
 492      20696E74 
 492      00
 493              	.LASF14:
 494 000d 70657269 		.ascii	"periode\000"
 494      6F646500 
 495              	.LASF23:
 496 0015 6D61696E 		.ascii	"main.c\000"
 496      2E6300
 497              	.LASF25:
 498 001c 6D61696E 		.ascii	"main\000"
 498      00
 499              	.LASF20:
 500 0021 50574D5F 		.ascii	"PWM_WriteCompare\000"
 500      57726974 
 500      65436F6D 
 500      70617265 
 500      00
 501              	.LASF18:
 502 0032 50574D5F 		.ascii	"PWM_SetPeriodSwap\000"
 502      53657450 
 502      6572696F 
 502      64537761 
 502      7000
 503              	.LASF5:
 504 0044 6C6F6E67 		.ascii	"long unsigned int\000"
 504      20756E73 
 504      69676E65 
 504      6420696E 
 504      7400
 505              	.LASF24:
 506 0056 433A5C55 		.ascii	"C:\\Users\\labview\\Desktop\\MC60 - partie 2\\TP1 -"
 506      73657273 
 506      5C6C6162 
 506      76696577 
 506      5C446573 
ARM GAS  C:\Users\labview\AppData\Local\Temp\ccfOet4v.s 			page 11


 507 0084 20316572 		.ascii	" 1er\\LLA\\Partie_1.cydsn\000"
 507      5C4C4C41 
 507      5C506172 
 507      7469655F 
 507      312E6379 
 508              	.LASF7:
 509 009c 6C6F6E67 		.ascii	"long long unsigned int\000"
 509      206C6F6E 
 509      6720756E 
 509      7369676E 
 509      65642069 
 510              	.LASF9:
 511 00b3 666C6F61 		.ascii	"float\000"
 511      7400
 512              	.LASF17:
 513 00b9 50574D5F 		.ascii	"PWM_SetCompareSwap\000"
 513      53657443 
 513      6F6D7061 
 513      72655377 
 513      617000
 514              	.LASF16:
 515 00cc 50574D5F 		.ascii	"PWM_Start\000"
 515      53746172 
 515      7400
 516              	.LASF1:
 517 00d6 756E7369 		.ascii	"unsigned char\000"
 517      676E6564 
 517      20636861 
 517      7200
 518              	.LASF11:
 519 00e4 63686172 		.ascii	"char\000"
 519      00
 520              	.LASF4:
 521 00e9 6C6F6E67 		.ascii	"long int\000"
 521      20696E74 
 521      00
 522              	.LASF19:
 523 00f2 50574D5F 		.ascii	"PWM_WritePeriod\000"
 523      57726974 
 523      65506572 
 523      696F6400 
 524              	.LASF10:
 525 0102 646F7562 		.ascii	"double\000"
 525      6C6500
 526              	.LASF6:
 527 0109 6C6F6E67 		.ascii	"long long int\000"
 527      206C6F6E 
 527      6720696E 
 527      7400
 528              	.LASF22:
 529 0117 474E5520 		.ascii	"GNU C11 5.4.1 20160609 (release) [ARM/embedded-5-br"
 529      43313120 
 529      352E342E 
 529      31203230 
 529      31363036 
 530 014a 616E6368 		.ascii	"anch revision 237715] -mcpu=cortex-m0 -mthumb -g -O"
 530      20726576 
ARM GAS  C:\Users\labview\AppData\Local\Temp\ccfOet4v.s 			page 12


 530      6973696F 
 530      6E203233 
 530      37373135 
 531 017d 67202D66 		.ascii	"g -ffunction-sections -ffat-lto-objects\000"
 531      66756E63 
 531      74696F6E 
 531      2D736563 
 531      74696F6E 
 532              	.LASF3:
 533 01a5 73686F72 		.ascii	"short unsigned int\000"
 533      7420756E 
 533      7369676E 
 533      65642069 
 533      6E7400
 534              	.LASF0:
 535 01b8 7369676E 		.ascii	"signed char\000"
 535      65642063 
 535      68617200 
 536              	.LASF12:
 537 01c4 6C6F6E67 		.ascii	"long double\000"
 537      20646F75 
 537      626C6500 
 538              	.LASF2:
 539 01d0 73686F72 		.ascii	"short int\000"
 539      7420696E 
 539      7400
 540              	.LASF15:
 541 01da 48696768 		.ascii	"High\000"
 541      00
 542              	.LASF13:
 543 01df 73697A65 		.ascii	"sizetype\000"
 543      74797065 
 543      00
 544              	.LASF21:
 545 01e8 53575F52 		.ascii	"SW_Read\000"
 545      65616400 
 546              		.ident	"GCC: (GNU Tools for ARM Embedded Processors) 5.4.1 20160609 (release) [ARM/embedded-5-bran
